ARM GAS  C:\Users\jdmoussa\AppData\Local\Temp\ccJ6k8Kz.s 			page 1


   1              		.cpu cortex-m0
   2              		.fpu softvfp
   3              		.eabi_attribute 20, 1
   4              		.eabi_attribute 21, 1
   5              		.eabi_attribute 23, 3
   6              		.eabi_attribute 24, 1
   7              		.eabi_attribute 25, 1
   8              		.eabi_attribute 26, 1
   9              		.eabi_attribute 30, 6
  10              		.eabi_attribute 34, 0
  11              		.eabi_attribute 18, 4
  12              		.code	16
  13              		.file	"server.c"
  14              		.text
  15              	.Ltext0:
  16              		.cfi_sections	.debug_frame
  17              		.section	.rodata
  18              		.align	2
  19              	.LC1:
  20 0000 53746172 		.ascii	"StartAdvertisement API Error: %x \015\012\000"
  20      74416476 
  20      65727469 
  20      73656D65 
  20      6E742041 
  21              		.align	2
  22              	.LC3:
  23 0024 53746172 		.ascii	"Start Advertisement with addr: \000"
  23      74204164 
  23      76657274 
  23      6973656D 
  23      656E7420 
  24              		.align	2
  25              	.LC5:
  26 0044 25322E32 		.ascii	"%2.2x\000"
  26      7800
  27 004a 0000     		.align	2
  28              	.LC7:
  29 004c 0D00     		.ascii	"\015\000"
  30              		.section	.text.StartAdvertisement,"ax",%progbits
  31              		.align	2
  32              		.global	StartAdvertisement
  33              		.code	16
  34              		.thumb_func
  35              		.type	StartAdvertisement, %function
  36              	StartAdvertisement:
  37              	.LFB35:
  38              		.file 1 ".\\server.c"
   1:.\server.c    **** /*******************************************************************************
   2:.\server.c    **** * File Name: server.c
   3:.\server.c    **** *
   4:.\server.c    **** * Version 1.0
   5:.\server.c    **** *
   6:.\server.c    **** * Description:
   7:.\server.c    **** *  Common BLE application code for server devices.
   8:.\server.c    **** *
   9:.\server.c    **** *******************************************************************************
  10:.\server.c    **** * Copyright 2015, Cypress Semiconductor Corporation.  All rights reserved.
ARM GAS  C:\Users\jdmoussa\AppData\Local\Temp\ccJ6k8Kz.s 			page 2


  11:.\server.c    **** * You may use this file only in accordance with the license, terms, conditions,
  12:.\server.c    **** * disclaimers, and limitations in the end user license agreement accompanying
  13:.\server.c    **** * the software package with which this file was provided.
  14:.\server.c    **** *******************************************************************************/
  15:.\server.c    **** 
  16:.\server.c    **** #include <project.h>
  17:.\server.c    **** #include <stdio.h>
  18:.\server.c    **** #include "common.h"
  19:.\server.c    **** 
  20:.\server.c    **** 
  21:.\server.c    **** /*******************************************************************************
  22:.\server.c    **** * Function Name: StartAdvertisement
  23:.\server.c    **** ********************************************************************************
  24:.\server.c    **** *
  25:.\server.c    **** * Summary:
  26:.\server.c    **** *   Initiates the advertisement procedure.
  27:.\server.c    **** *   Prints the Device Address.
  28:.\server.c    **** *
  29:.\server.c    **** * Parameters:
  30:.\server.c    **** *   None.
  31:.\server.c    **** *
  32:.\server.c    **** * Return:
  33:.\server.c    **** *   None.
  34:.\server.c    **** *
  35:.\server.c    **** *******************************************************************************/
  36:.\server.c    **** void StartAdvertisement(void)
  37:.\server.c    **** {
  39              		.loc 1 37 0
  40              		.cfi_startproc
  41 0000 80B5     		push	{r7, lr}
  42              		.cfi_def_cfa_offset 8
  43              		.cfi_offset 7, -8
  44              		.cfi_offset 14, -4
  45 0002 84B0     		sub	sp, sp, #16
  46              		.cfi_def_cfa_offset 24
  47 0004 00AF     		add	r7, sp, #0
  48              		.cfi_def_cfa_register 7
  38:.\server.c    ****     uint16 i;
  39:.\server.c    ****     CYBLE_GAP_BD_ADDR_T localAddr;
  40:.\server.c    ****     apiResult = CyBle_GappStartAdvertisement(CYBLE_ADVERTISING_FAST);
  49              		.loc 1 40 0
  50 0006 0020     		mov	r0, #0
  51 0008 FFF7FEFF 		bl	CyBle_GappStartAdvertisement
  52 000c 031C     		mov	r3, r0
  53 000e 1A1C     		mov	r2, r3
  54 0010 1C4B     		ldr	r3, .L6
  55 0012 1A80     		strh	r2, [r3]
  41:.\server.c    ****     if(apiResult != CYBLE_ERROR_OK)
  56              		.loc 1 41 0
  57 0014 1B4B     		ldr	r3, .L6
  58 0016 1B88     		ldrh	r3, [r3]
  59 0018 002B     		cmp	r3, #0
  60 001a 07D0     		beq	.L2
  42:.\server.c    ****     {
  43:.\server.c    ****         printf("StartAdvertisement API Error: %x \r\n", (int) apiResult);
  61              		.loc 1 43 0
  62 001c 194B     		ldr	r3, .L6
ARM GAS  C:\Users\jdmoussa\AppData\Local\Temp\ccJ6k8Kz.s 			page 3


  63 001e 1B88     		ldrh	r3, [r3]
  64 0020 194A     		ldr	r2, .L6+4
  65 0022 101C     		mov	r0, r2
  66 0024 191C     		mov	r1, r3
  67 0026 FFF7FEFF 		bl	printf
  68 002a 27E0     		b	.L1
  69              	.L2:
  44:.\server.c    ****     }
  45:.\server.c    ****     else
  46:.\server.c    ****     {
  47:.\server.c    ****         printf("Start Advertisement with addr: ");
  70              		.loc 1 47 0
  71 002c 174B     		ldr	r3, .L6+8
  72 002e 181C     		mov	r0, r3
  73 0030 FFF7FEFF 		bl	printf
  48:.\server.c    ****         CyBle_GetDeviceAddress(&localAddr);
  74              		.loc 1 48 0
  75 0034 3B1D     		add	r3, r7, #4
  76 0036 181C     		mov	r0, r3
  77 0038 FFF7FEFF 		bl	CyBle_GetDeviceAddress
  49:.\server.c    ****         for(i = CYBLE_GAP_BD_ADDR_SIZE; i > 0u; i--)
  78              		.loc 1 49 0
  79 003c 3B1C     		mov	r3, r7
  80 003e 0E33     		add	r3, r3, #14
  81 0040 0622     		mov	r2, #6
  82 0042 1A80     		strh	r2, [r3]
  83 0044 11E0     		b	.L4
  84              	.L5:
  50:.\server.c    ****         {
  51:.\server.c    ****             printf("%2.2x", localAddr.bdAddr[i-1]);
  85              		.loc 1 51 0 discriminator 2
  86 0046 3B1C     		mov	r3, r7
  87 0048 0E33     		add	r3, r3, #14
  88 004a 1B88     		ldrh	r3, [r3]
  89 004c 013B     		sub	r3, r3, #1
  90 004e 3A1D     		add	r2, r7, #4
  91 0050 D35C     		ldrb	r3, [r2, r3]
  92 0052 0F4A     		ldr	r2, .L6+12
  93 0054 101C     		mov	r0, r2
  94 0056 191C     		mov	r1, r3
  95 0058 FFF7FEFF 		bl	printf
  49:.\server.c    ****         for(i = CYBLE_GAP_BD_ADDR_SIZE; i > 0u; i--)
  96              		.loc 1 49 0 discriminator 2
  97 005c 3B1C     		mov	r3, r7
  98 005e 0E33     		add	r3, r3, #14
  99 0060 1A88     		ldrh	r2, [r3]
 100 0062 3B1C     		mov	r3, r7
 101 0064 0E33     		add	r3, r3, #14
 102 0066 013A     		sub	r2, r2, #1
 103 0068 1A80     		strh	r2, [r3]
 104              	.L4:
  49:.\server.c    ****         for(i = CYBLE_GAP_BD_ADDR_SIZE; i > 0u; i--)
 105              		.loc 1 49 0 is_stmt 0 discriminator 1
 106 006a 3B1C     		mov	r3, r7
 107 006c 0E33     		add	r3, r3, #14
 108 006e 1B88     		ldrh	r3, [r3]
 109 0070 002B     		cmp	r3, #0
ARM GAS  C:\Users\jdmoussa\AppData\Local\Temp\ccJ6k8Kz.s 			page 4


 110 0072 E8D1     		bne	.L5
  52:.\server.c    ****         }
  53:.\server.c    ****         printf("\r\n");
 111              		.loc 1 53 0 is_stmt 1
 112 0074 074B     		ldr	r3, .L6+16
 113 0076 181C     		mov	r0, r3
 114 0078 FFF7FEFF 		bl	puts
 115              	.L1:
  54:.\server.c    ****     }
  55:.\server.c    **** }
 116              		.loc 1 55 0
 117 007c BD46     		mov	sp, r7
 118 007e 04B0     		add	sp, sp, #16
 119              		@ sp needed
 120 0080 80BD     		pop	{r7, pc}
 121              	.L7:
 122 0082 C046     		.align	2
 123              	.L6:
 124 0084 00000000 		.word	apiResult
 125 0088 00000000 		.word	.LC1
 126 008c 24000000 		.word	.LC3
 127 0090 44000000 		.word	.LC5
 128 0094 4C000000 		.word	.LC7
 129              		.cfi_endproc
 130              	.LFE35:
 131              		.size	StartAdvertisement, .-StartAdvertisement
 132              		.section	.rodata
 133 004e 0000     		.align	2
 134              	.LC10:
 135 0050 4359424C 		.ascii	"CYBLE_EVT_GAPP_ADVERTISEMENT_START_STOP, state: %x\015"
 135      455F4556 
 135      545F4741 
 135      50505F41 
 135      44564552 
 136 0083 0A00     		.ascii	"\012\000"
 137 0085 000000   		.align	2
 138              	.LC12:
 139 0088 48696265 		.ascii	"Hibernate \015\000"
 139      726E6174 
 139      65200D00 
 140              		.align	2
 141              	.LC14:
 142 0094 4556545F 		.ascii	"EVT_GATT_WRITE_REQ: %x = \000"
 142      47415454 
 142      5F575249 
 142      54455F52 
 142      45513A20 
 143 00ae 0000     		.align	2
 144              	.LC16:
 145 00b0 25322E32 		.ascii	"%2.2x \000"
 145      782000
 146 00b7 00       		.align	2
 147              	.LC19:
 148 00b8 4556545F 		.ascii	"EVT_GATTS_XCNHG_MTU_REQ \015\000"
 148      47415454 
 148      535F5843 
 148      4E48475F 
ARM GAS  C:\Users\jdmoussa\AppData\Local\Temp\ccJ6k8Kz.s 			page 5


 148      4D54555F 
 149 00d2 0000     		.align	2
 150              	.LC21:
 151 00d4 4556545F 		.ascii	"EVT_GATTS_HANDLE_VALUE_CNF \015\000"
 151      47415454 
 151      535F4841 
 151      4E444C45 
 151      5F56414C 
 152 00f1 000000   		.section	.text.ServerDebugOut,"ax",%progbits
 153              		.align	2
 154              		.global	ServerDebugOut
 155              		.code	16
 156              		.thumb_func
 157              		.type	ServerDebugOut, %function
 158              	ServerDebugOut:
 159              	.LFB36:
  56:.\server.c    **** 
  57:.\server.c    **** /*******************************************************************************
  58:.\server.c    **** * Function Name: ServerDebugOut
  59:.\server.c    **** ********************************************************************************
  60:.\server.c    **** *
  61:.\server.c    **** * Summary:
  62:.\server.c    **** *   GATT server specific event handler.
  63:.\server.c    **** *
  64:.\server.c    **** * Parameters:
  65:.\server.c    **** *  event - the event code.
  66:.\server.c    **** *  *eventParam - the event parameters.
  67:.\server.c    **** *
  68:.\server.c    **** * Return:
  69:.\server.c    **** *   None.
  70:.\server.c    **** *
  71:.\server.c    **** *******************************************************************************/
  72:.\server.c    **** void ServerDebugOut(uint32 event, void* eventParam)
  73:.\server.c    **** {
 160              		.loc 1 73 0
 161              		.cfi_startproc
 162 0000 80B5     		push	{r7, lr}
 163              		.cfi_def_cfa_offset 8
 164              		.cfi_offset 7, -8
 165              		.cfi_offset 14, -4
 166 0002 84B0     		sub	sp, sp, #16
 167              		.cfi_def_cfa_offset 24
 168 0004 00AF     		add	r7, sp, #0
 169              		.cfi_def_cfa_register 7
 170 0006 7860     		str	r0, [r7, #4]
 171 0008 3960     		str	r1, [r7]
  74:.\server.c    ****     uint16 i;
  75:.\server.c    ****     switch(event)
 172              		.loc 1 75 0
 173 000a 7B68     		ldr	r3, [r7, #4]
 174 000c 432B     		cmp	r3, #67
 175 000e 00D1     		bne	.LCB110
 176 0010 65E0     		b	.L10	@long jump
 177              	.LCB110:
 178 0012 02D8     		bhi	.L11
 179 0014 262B     		cmp	r3, #38
 180 0016 05D0     		beq	.L12
ARM GAS  C:\Users\jdmoussa\AppData\Local\Temp\ccJ6k8Kz.s 			page 6


  76:.\server.c    ****     {
  77:.\server.c    ****         case CYBLE_EVT_GAPP_ADVERTISEMENT_START_STOP:
  78:.\server.c    ****             printf("CYBLE_EVT_GAPP_ADVERTISEMENT_START_STOP, state: %x\r\n", CyBle_GetState());
  79:.\server.c    ****             if(CYBLE_STATE_DISCONNECTED == CyBle_GetState())
  80:.\server.c    ****             {   
  81:.\server.c    ****                 /* Fast and slow advertising period complete, go to low power  
  82:.\server.c    ****                  * mode (Hibernate mode) and wait for an external
  83:.\server.c    ****                  * user event to wake up the device again */
  84:.\server.c    ****                 printf("Hibernate \r\n");
  85:.\server.c    ****                 Advertising_LED_Write(LED_OFF);
  86:.\server.c    ****                 Disconnect_LED_Write(LED_ON);
  87:.\server.c    ****                 LowPower_LED_Write(LED_OFF);
  88:.\server.c    ****                 while((UART_DEB_SpiUartGetTxBufferSize() + UART_DEB_GET_TX_FIFO_SR_VALID) != 0);
  89:.\server.c    ****                 SW2_ClearInterrupt();
  90:.\server.c    ****                 Wakeup_Interrupt_ClearPending();
  91:.\server.c    ****                 Wakeup_Interrupt_Start();
  92:.\server.c    ****                 CySysPmHibernate();                
  93:.\server.c    ****             }
  94:.\server.c    ****             break;
  95:.\server.c    **** 
  96:.\server.c    ****         case CYBLE_EVT_GATTS_WRITE_REQ:
  97:.\server.c    ****             printf("EVT_GATT_WRITE_REQ: %x = ",((CYBLE_GATTS_WRITE_REQ_PARAM_T *)eventParam)->handl
  98:.\server.c    ****             for(i = 0; i < ((CYBLE_GATTS_WRITE_REQ_PARAM_T *)eventParam)->handleValPair.value.len; 
  99:.\server.c    ****             {
 100:.\server.c    ****                 printf("%2.2x ", ((CYBLE_GATTS_WRITE_REQ_PARAM_T *)eventParam)->handleValPair.value
 101:.\server.c    ****             }
 102:.\server.c    ****             printf("\r\n");
 103:.\server.c    ****             break;
 104:.\server.c    **** 
 105:.\server.c    ****         case CYBLE_EVT_GATTS_XCNHG_MTU_REQ:
 106:.\server.c    ****             printf("EVT_GATTS_XCNHG_MTU_REQ \r\n");
 107:.\server.c    ****             break;
 108:.\server.c    **** 
 109:.\server.c    ****         case CYBLE_EVT_GATTS_HANDLE_VALUE_CNF:
 110:.\server.c    ****             printf("EVT_GATTS_HANDLE_VALUE_CNF \r\n");
 111:.\server.c    ****             break;
 112:.\server.c    **** 
 113:.\server.c    ****         default:
 114:.\server.c    ****         #if (0)
 115:.\server.c    ****             printf("unknown event: %lx \r\n", event);
 116:.\server.c    ****         #endif
 117:.\server.c    ****             break;
 181              		.loc 1 117 0
 182 0018 6BE0     		b	.L8
 183              	.L11:
  75:.\server.c    ****     switch(event)
 184              		.loc 1 75 0
 185 001a 4C2B     		cmp	r3, #76
 186 001c 34D0     		beq	.L13
 187 001e 542B     		cmp	r3, #84
 188 0020 62D0     		beq	.L14
 189              		.loc 1 117 0
 190 0022 66E0     		b	.L8
 191              	.L12:
  78:.\server.c    ****             printf("CYBLE_EVT_GAPP_ADVERTISEMENT_START_STOP, state: %x\r\n", CyBle_GetState());
 192              		.loc 1 78 0
 193 0024 344B     		ldr	r3, .L22
ARM GAS  C:\Users\jdmoussa\AppData\Local\Temp\ccJ6k8Kz.s 			page 7


 194 0026 1B78     		ldrb	r3, [r3]
 195 0028 344A     		ldr	r2, .L22+4
 196 002a 101C     		mov	r0, r2
 197 002c 191C     		mov	r1, r3
 198 002e FFF7FEFF 		bl	printf
  79:.\server.c    ****             if(CYBLE_STATE_DISCONNECTED == CyBle_GetState())
 199              		.loc 1 79 0
 200 0032 314B     		ldr	r3, .L22
 201 0034 1B78     		ldrb	r3, [r3]
 202 0036 042B     		cmp	r3, #4
 203 0038 25D1     		bne	.L15
  84:.\server.c    ****                 printf("Hibernate \r\n");
 204              		.loc 1 84 0
 205 003a 314B     		ldr	r3, .L22+8
 206 003c 181C     		mov	r0, r3
 207 003e FFF7FEFF 		bl	puts
  85:.\server.c    ****                 Advertising_LED_Write(LED_OFF);
 208              		.loc 1 85 0
 209 0042 0120     		mov	r0, #1
 210 0044 FFF7FEFF 		bl	Advertising_LED_Write
  86:.\server.c    ****                 Disconnect_LED_Write(LED_ON);
 211              		.loc 1 86 0
 212 0048 0020     		mov	r0, #0
 213 004a FFF7FEFF 		bl	Disconnect_LED_Write
  87:.\server.c    ****                 LowPower_LED_Write(LED_OFF);
 214              		.loc 1 87 0
 215 004e 0120     		mov	r0, #1
 216 0050 FFF7FEFF 		bl	LowPower_LED_Write
  88:.\server.c    ****                 while((UART_DEB_SpiUartGetTxBufferSize() + UART_DEB_GET_TX_FIFO_SR_VALID) != 0);
 217              		.loc 1 88 0
 218 0054 C046     		mov	r8, r8
 219              	.L18:
  88:.\server.c    ****                 while((UART_DEB_SpiUartGetTxBufferSize() + UART_DEB_GET_TX_FIFO_SR_VALID) != 0);
 220              		.loc 1 88 0 is_stmt 0 discriminator 1
 221 0056 FFF7FEFF 		bl	UART_DEB_SpiUartGetTxBufferSize
 222 005a 021C     		mov	r2, r0
 223 005c 294B     		ldr	r3, .L22+12
 224 005e 1968     		ldr	r1, [r3]
 225 0060 8023     		mov	r3, #128
 226 0062 1B02     		lsl	r3, r3, #8
 227 0064 0B40     		and	r3, r1
 228 0066 01D0     		beq	.L16
 229 0068 0123     		mov	r3, #1
 230 006a 00E0     		b	.L17
 231              	.L16:
  88:.\server.c    ****                 while((UART_DEB_SpiUartGetTxBufferSize() + UART_DEB_GET_TX_FIFO_SR_VALID) != 0);
 232              		.loc 1 88 0 discriminator 2
 233 006c 0023     		mov	r3, #0
 234              	.L17:
  88:.\server.c    ****                 while((UART_DEB_SpiUartGetTxBufferSize() + UART_DEB_GET_TX_FIFO_SR_VALID) != 0);
 235              		.loc 1 88 0 discriminator 3
 236 006e D318     		add	r3, r2, r3
 237 0070 002B     		cmp	r3, #0
 238 0072 F0D1     		bne	.L18
  89:.\server.c    ****                 SW2_ClearInterrupt();
 239              		.loc 1 89 0 is_stmt 1
 240 0074 FFF7FEFF 		bl	SW2_ClearInterrupt
ARM GAS  C:\Users\jdmoussa\AppData\Local\Temp\ccJ6k8Kz.s 			page 8


  90:.\server.c    ****                 Wakeup_Interrupt_ClearPending();
 241              		.loc 1 90 0
 242 0078 FFF7FEFF 		bl	Wakeup_Interrupt_ClearPending
  91:.\server.c    ****                 Wakeup_Interrupt_Start();
 243              		.loc 1 91 0
 244 007c FFF7FEFF 		bl	Wakeup_Interrupt_Start
  92:.\server.c    ****                 CySysPmHibernate();                
 245              		.loc 1 92 0
 246 0080 FFF7FEFF 		bl	CySysPmHibernate
  94:.\server.c    ****             break;
 247              		.loc 1 94 0
 248 0084 35E0     		b	.L8
 249              	.L15:
 250 0086 34E0     		b	.L8
 251              	.L13:
  97:.\server.c    ****             printf("EVT_GATT_WRITE_REQ: %x = ",((CYBLE_GATTS_WRITE_REQ_PARAM_T *)eventParam)->handl
 252              		.loc 1 97 0
 253 0088 3B68     		ldr	r3, [r7]
 254 008a 9B89     		ldrh	r3, [r3, #12]
 255 008c 1E4A     		ldr	r2, .L22+16
 256 008e 101C     		mov	r0, r2
 257 0090 191C     		mov	r1, r3
 258 0092 FFF7FEFF 		bl	printf
  98:.\server.c    ****             for(i = 0; i < ((CYBLE_GATTS_WRITE_REQ_PARAM_T *)eventParam)->handleValPair.value.len; 
 259              		.loc 1 98 0
 260 0096 3B1C     		mov	r3, r7
 261 0098 0E33     		add	r3, r3, #14
 262 009a 0022     		mov	r2, #0
 263 009c 1A80     		strh	r2, [r3]
 264 009e 12E0     		b	.L20
 265              	.L21:
 100:.\server.c    ****                 printf("%2.2x ", ((CYBLE_GATTS_WRITE_REQ_PARAM_T *)eventParam)->handleValPair.value
 266              		.loc 1 100 0 discriminator 2
 267 00a0 3B68     		ldr	r3, [r7]
 268 00a2 5A68     		ldr	r2, [r3, #4]
 269 00a4 3B1C     		mov	r3, r7
 270 00a6 0E33     		add	r3, r3, #14
 271 00a8 1B88     		ldrh	r3, [r3]
 272 00aa D318     		add	r3, r2, r3
 273 00ac 1B78     		ldrb	r3, [r3]
 274 00ae 174A     		ldr	r2, .L22+20
 275 00b0 101C     		mov	r0, r2
 276 00b2 191C     		mov	r1, r3
 277 00b4 FFF7FEFF 		bl	printf
  98:.\server.c    ****             for(i = 0; i < ((CYBLE_GATTS_WRITE_REQ_PARAM_T *)eventParam)->handleValPair.value.len; 
 278              		.loc 1 98 0 discriminator 2
 279 00b8 3B1C     		mov	r3, r7
 280 00ba 0E33     		add	r3, r3, #14
 281 00bc 1A88     		ldrh	r2, [r3]
 282 00be 3B1C     		mov	r3, r7
 283 00c0 0E33     		add	r3, r3, #14
 284 00c2 0132     		add	r2, r2, #1
 285 00c4 1A80     		strh	r2, [r3]
 286              	.L20:
  98:.\server.c    ****             for(i = 0; i < ((CYBLE_GATTS_WRITE_REQ_PARAM_T *)eventParam)->handleValPair.value.len; 
 287              		.loc 1 98 0 is_stmt 0 discriminator 1
 288 00c6 3B68     		ldr	r3, [r7]
ARM GAS  C:\Users\jdmoussa\AppData\Local\Temp\ccJ6k8Kz.s 			page 9


 289 00c8 1B89     		ldrh	r3, [r3, #8]
 290 00ca 3A1C     		mov	r2, r7
 291 00cc 0E32     		add	r2, r2, #14
 292 00ce 1288     		ldrh	r2, [r2]
 293 00d0 9A42     		cmp	r2, r3
 294 00d2 E5D3     		bcc	.L21
 102:.\server.c    ****             printf("\r\n");
 295              		.loc 1 102 0 is_stmt 1
 296 00d4 0E4B     		ldr	r3, .L22+24
 297 00d6 181C     		mov	r0, r3
 298 00d8 FFF7FEFF 		bl	puts
 103:.\server.c    ****             break;
 299              		.loc 1 103 0
 300 00dc 09E0     		b	.L8
 301              	.L10:
 106:.\server.c    ****             printf("EVT_GATTS_XCNHG_MTU_REQ \r\n");
 302              		.loc 1 106 0
 303 00de 0D4B     		ldr	r3, .L22+28
 304 00e0 181C     		mov	r0, r3
 305 00e2 FFF7FEFF 		bl	puts
 107:.\server.c    ****             break;
 306              		.loc 1 107 0
 307 00e6 04E0     		b	.L8
 308              	.L14:
 110:.\server.c    ****             printf("EVT_GATTS_HANDLE_VALUE_CNF \r\n");
 309              		.loc 1 110 0
 310 00e8 0B4B     		ldr	r3, .L22+32
 311 00ea 181C     		mov	r0, r3
 312 00ec FFF7FEFF 		bl	puts
 111:.\server.c    ****             break;
 313              		.loc 1 111 0
 314 00f0 C046     		mov	r8, r8
 315              	.L8:
 118:.\server.c    ****     }
 119:.\server.c    **** }
 316              		.loc 1 119 0
 317 00f2 BD46     		mov	sp, r7
 318 00f4 04B0     		add	sp, sp, #16
 319              		@ sp needed
 320 00f6 80BD     		pop	{r7, pc}
 321              	.L23:
 322              		.align	2
 323              	.L22:
 324 00f8 00000000 		.word	cyBle_state
 325 00fc 50000000 		.word	.LC10
 326 0100 88000000 		.word	.LC12
 327 0104 08022440 		.word	1076101640
 328 0108 94000000 		.word	.LC14
 329 010c B0000000 		.word	.LC16
 330 0110 4C000000 		.word	.LC7
 331 0114 B8000000 		.word	.LC19
 332 0118 D4000000 		.word	.LC21
 333              		.cfi_endproc
 334              	.LFE36:
 335              		.size	ServerDebugOut, .-ServerDebugOut
 336              		.text
 337              	.Letext0:
ARM GAS  C:\Users\jdmoussa\AppData\Local\Temp\ccJ6k8Kz.s 			page 10


 338              		.file 2 ".\\Generated_Source\\PSoC4/cytypes.h"
 339              		.file 3 ".\\Generated_Source\\PSoC4/CYBLE_Stack.h"
 340              		.file 4 ".\\Generated_Source\\PSoC4/CYBLE_StackGatt.h"
 341              		.file 5 ".\\Generated_Source\\PSoC4/CYBLE_StackGattServer.h"
 342              		.file 6 ".\\Generated_Source\\PSoC4/CYBLE_eventHandler.h"
 343              		.file 7 ".\\common.h"
 344              		.section	.debug_info,"",%progbits
 345              	.Ldebug_info0:
 346 0000 D4040000 		.4byte	0x4d4
 347 0004 0400     		.2byte	0x4
 348 0006 00000000 		.4byte	.Ldebug_abbrev0
 349 000a 04       		.byte	0x4
 350 000b 01       		.uleb128 0x1
 351 000c 35090000 		.4byte	.LASF131
 352 0010 01       		.byte	0x1
 353 0011 060C0000 		.4byte	.LASF132
 354 0015 19040000 		.4byte	.LASF133
 355 0019 00000000 		.4byte	.Ldebug_ranges0+0
 356 001d 00000000 		.4byte	0
 357 0021 00000000 		.4byte	.Ldebug_line0
 358 0025 02       		.uleb128 0x2
 359 0026 01       		.byte	0x1
 360 0027 06       		.byte	0x6
 361 0028 65020000 		.4byte	.LASF0
 362 002c 02       		.uleb128 0x2
 363 002d 01       		.byte	0x1
 364 002e 08       		.byte	0x8
 365 002f EE090000 		.4byte	.LASF1
 366 0033 02       		.uleb128 0x2
 367 0034 02       		.byte	0x2
 368 0035 05       		.byte	0x5
 369 0036 030A0000 		.4byte	.LASF2
 370 003a 02       		.uleb128 0x2
 371 003b 02       		.byte	0x2
 372 003c 07       		.byte	0x7
 373 003d 890B0000 		.4byte	.LASF3
 374 0041 02       		.uleb128 0x2
 375 0042 04       		.byte	0x4
 376 0043 05       		.byte	0x5
 377 0044 55010000 		.4byte	.LASF4
 378 0048 02       		.uleb128 0x2
 379 0049 04       		.byte	0x4
 380 004a 07       		.byte	0x7
 381 004b A8050000 		.4byte	.LASF5
 382 004f 02       		.uleb128 0x2
 383 0050 08       		.byte	0x8
 384 0051 05       		.byte	0x5
 385 0052 57020000 		.4byte	.LASF6
 386 0056 02       		.uleb128 0x2
 387 0057 08       		.byte	0x8
 388 0058 07       		.byte	0x7
 389 0059 13050000 		.4byte	.LASF7
 390 005d 03       		.uleb128 0x3
 391 005e 04       		.byte	0x4
 392 005f 05       		.byte	0x5
 393 0060 696E7400 		.ascii	"int\000"
 394 0064 02       		.uleb128 0x2
ARM GAS  C:\Users\jdmoussa\AppData\Local\Temp\ccJ6k8Kz.s 			page 11


 395 0065 04       		.byte	0x4
 396 0066 07       		.byte	0x7
 397 0067 ED0A0000 		.4byte	.LASF8
 398 006b 04       		.uleb128 0x4
 399 006c AE030000 		.4byte	.LASF9
 400 0070 02       		.byte	0x2
 401 0071 A1       		.byte	0xa1
 402 0072 2C000000 		.4byte	0x2c
 403 0076 04       		.uleb128 0x4
 404 0077 FC090000 		.4byte	.LASF10
 405 007b 02       		.byte	0x2
 406 007c A2       		.byte	0xa2
 407 007d 3A000000 		.4byte	0x3a
 408 0081 04       		.uleb128 0x4
 409 0082 80040000 		.4byte	.LASF11
 410 0086 02       		.byte	0x2
 411 0087 A3       		.byte	0xa3
 412 0088 48000000 		.4byte	0x48
 413 008c 02       		.uleb128 0x2
 414 008d 04       		.byte	0x4
 415 008e 04       		.byte	0x4
 416 008f 2F090000 		.4byte	.LASF12
 417 0093 02       		.uleb128 0x2
 418 0094 08       		.byte	0x8
 419 0095 04       		.byte	0x4
 420 0096 D3030000 		.4byte	.LASF13
 421 009a 02       		.uleb128 0x2
 422 009b 01       		.byte	0x1
 423 009c 08       		.byte	0x8
 424 009d A60A0000 		.4byte	.LASF14
 425 00a1 05       		.uleb128 0x5
 426 00a2 47070000 		.4byte	.LASF15
 427 00a6 02       		.byte	0x2
 428 00a7 4D01     		.2byte	0x14d
 429 00a9 AD000000 		.4byte	0xad
 430 00ad 06       		.uleb128 0x6
 431 00ae 81000000 		.4byte	0x81
 432 00b2 02       		.uleb128 0x2
 433 00b3 04       		.byte	0x4
 434 00b4 07       		.byte	0x7
 435 00b5 E4070000 		.4byte	.LASF16
 436 00b9 07       		.uleb128 0x7
 437 00ba 04       		.byte	0x4
 438 00bb 08       		.uleb128 0x8
 439 00bc 01       		.byte	0x1
 440 00bd 03       		.byte	0x3
 441 00be 58       		.byte	0x58
 442 00bf 2B020000 		.4byte	0x22b
 443 00c3 09       		.uleb128 0x9
 444 00c4 59060000 		.4byte	.LASF17
 445 00c8 00       		.sleb128 0
 446 00c9 09       		.uleb128 0x9
 447 00ca 71020000 		.4byte	.LASF18
 448 00ce 01       		.sleb128 1
 449 00cf 09       		.uleb128 0x9
 450 00d0 43010000 		.4byte	.LASF19
 451 00d4 02       		.sleb128 2
ARM GAS  C:\Users\jdmoussa\AppData\Local\Temp\ccJ6k8Kz.s 			page 12


 452 00d5 09       		.uleb128 0x9
 453 00d6 700B0000 		.4byte	.LASF20
 454 00da 03       		.sleb128 3
 455 00db 09       		.uleb128 0x9
 456 00dc 96010000 		.4byte	.LASF21
 457 00e0 04       		.sleb128 4
 458 00e1 09       		.uleb128 0x9
 459 00e2 23000000 		.4byte	.LASF22
 460 00e6 05       		.sleb128 5
 461 00e7 09       		.uleb128 0x9
 462 00e8 4D070000 		.4byte	.LASF23
 463 00ec 20       		.sleb128 32
 464 00ed 09       		.uleb128 0x9
 465 00ee CD020000 		.4byte	.LASF24
 466 00f2 21       		.sleb128 33
 467 00f3 09       		.uleb128 0x9
 468 00f4 95060000 		.4byte	.LASF25
 469 00f8 22       		.sleb128 34
 470 00f9 09       		.uleb128 0x9
 471 00fa E4060000 		.4byte	.LASF26
 472 00fe 23       		.sleb128 35
 473 00ff 09       		.uleb128 0x9
 474 0100 58080000 		.4byte	.LASF27
 475 0104 24       		.sleb128 36
 476 0105 09       		.uleb128 0x9
 477 0106 24080000 		.4byte	.LASF28
 478 010a 25       		.sleb128 37
 479 010b 09       		.uleb128 0x9
 480 010c 63030000 		.4byte	.LASF29
 481 0110 26       		.sleb128 38
 482 0111 09       		.uleb128 0x9
 483 0112 B9060000 		.4byte	.LASF30
 484 0116 27       		.sleb128 39
 485 0117 09       		.uleb128 0x9
 486 0118 CB0A0000 		.4byte	.LASF31
 487 011c 28       		.sleb128 40
 488 011d 09       		.uleb128 0x9
 489 011e 22020000 		.4byte	.LASF32
 490 0122 29       		.sleb128 41
 491 0123 09       		.uleb128 0x9
 492 0124 B6000000 		.4byte	.LASF33
 493 0128 2A       		.sleb128 42
 494 0129 09       		.uleb128 0x9
 495 012a AB010000 		.4byte	.LASF34
 496 012e 2B       		.sleb128 43
 497 012f 09       		.uleb128 0x9
 498 0130 D00C0000 		.4byte	.LASF35
 499 0134 2C       		.sleb128 44
 500 0135 09       		.uleb128 0x9
 501 0136 A4040000 		.4byte	.LASF36
 502 013a C000     		.sleb128 64
 503 013c 09       		.uleb128 0x9
 504 013d 0A070000 		.4byte	.LASF37
 505 0141 C100     		.sleb128 65
 506 0143 09       		.uleb128 0x9
 507 0144 4E050000 		.4byte	.LASF38
 508 0148 C200     		.sleb128 66
ARM GAS  C:\Users\jdmoussa\AppData\Local\Temp\ccJ6k8Kz.s 			page 13


 509 014a 09       		.uleb128 0x9
 510 014b BA0B0000 		.4byte	.LASF39
 511 014f C300     		.sleb128 67
 512 0151 09       		.uleb128 0x9
 513 0152 D4050000 		.4byte	.LASF40
 514 0156 C400     		.sleb128 68
 515 0158 09       		.uleb128 0x9
 516 0159 08090000 		.4byte	.LASF41
 517 015d C500     		.sleb128 69
 518 015f 09       		.uleb128 0x9
 519 0160 C3070000 		.4byte	.LASF42
 520 0164 C600     		.sleb128 70
 521 0166 09       		.uleb128 0x9
 522 0167 70060000 		.4byte	.LASF43
 523 016b C700     		.sleb128 71
 524 016d 09       		.uleb128 0x9
 525 016e 940C0000 		.4byte	.LASF44
 526 0172 C800     		.sleb128 72
 527 0174 09       		.uleb128 0x9
 528 0175 E4020000 		.4byte	.LASF45
 529 0179 C900     		.sleb128 73
 530 017b 09       		.uleb128 0x9
 531 017c 1F0C0000 		.4byte	.LASF46
 532 0180 CA00     		.sleb128 74
 533 0182 09       		.uleb128 0x9
 534 0183 00010000 		.4byte	.LASF47
 535 0187 CB00     		.sleb128 75
 536 0189 09       		.uleb128 0x9
 537 018a BA050000 		.4byte	.LASF48
 538 018e CC00     		.sleb128 76
 539 0190 09       		.uleb128 0x9
 540 0191 3E080000 		.4byte	.LASF49
 541 0195 CD00     		.sleb128 77
 542 0197 09       		.uleb128 0x9
 543 0198 17030000 		.4byte	.LASF50
 544 019c CE00     		.sleb128 78
 545 019e 09       		.uleb128 0x9
 546 019f 480A0000 		.4byte	.LASF51
 547 01a3 CF00     		.sleb128 79
 548 01a5 09       		.uleb128 0x9
 549 01a6 1F010000 		.4byte	.LASF52
 550 01aa D000     		.sleb128 80
 551 01ac 09       		.uleb128 0x9
 552 01ad B4030000 		.4byte	.LASF53
 553 01b1 D100     		.sleb128 81
 554 01b3 09       		.uleb128 0x9
 555 01b4 91080000 		.4byte	.LASF54
 556 01b8 D200     		.sleb128 82
 557 01ba 09       		.uleb128 0x9
 558 01bb 0D0A0000 		.4byte	.LASF55
 559 01bf D300     		.sleb128 83
 560 01c1 09       		.uleb128 0x9
 561 01c2 670A0000 		.4byte	.LASF56
 562 01c6 D400     		.sleb128 84
 563 01c8 09       		.uleb128 0x9
 564 01c9 F2050000 		.4byte	.LASF57
 565 01cd D500     		.sleb128 85
ARM GAS  C:\Users\jdmoussa\AppData\Local\Temp\ccJ6k8Kz.s 			page 14


 566 01cf 09       		.uleb128 0x9
 567 01d0 BE040000 		.4byte	.LASF58
 568 01d4 F000     		.sleb128 112
 569 01d6 09       		.uleb128 0x9
 570 01d7 120D0000 		.4byte	.LASF59
 571 01db F100     		.sleb128 113
 572 01dd 09       		.uleb128 0x9
 573 01de 2B070000 		.4byte	.LASF60
 574 01e2 F200     		.sleb128 114
 575 01e4 09       		.uleb128 0x9
 576 01e5 A5070000 		.4byte	.LASF61
 577 01e9 F300     		.sleb128 115
 578 01eb 09       		.uleb128 0x9
 579 01ec EA080000 		.4byte	.LASF62
 580 01f0 F400     		.sleb128 116
 581 01f2 09       		.uleb128 0x9
 582 01f3 DA030000 		.4byte	.LASF63
 583 01f7 F500     		.sleb128 117
 584 01f9 09       		.uleb128 0x9
 585 01fa DF000000 		.4byte	.LASF64
 586 01fe F600     		.sleb128 118
 587 0200 09       		.uleb128 0x9
 588 0201 53000000 		.4byte	.LASF65
 589 0205 F700     		.sleb128 119
 590 0207 09       		.uleb128 0x9
 591 0208 00000000 		.4byte	.LASF66
 592 020c F800     		.sleb128 120
 593 020e 09       		.uleb128 0x9
 594 020f FA0A0000 		.4byte	.LASF67
 595 0213 F900     		.sleb128 121
 596 0215 09       		.uleb128 0x9
 597 0216 E4040000 		.4byte	.LASF68
 598 021a FA00     		.sleb128 122
 599 021c 09       		.uleb128 0x9
 600 021d CA010000 		.4byte	.LASF69
 601 0221 FA01     		.sleb128 250
 602 0223 09       		.uleb128 0x9
 603 0224 87040000 		.4byte	.LASF70
 604 0228 FF01     		.sleb128 255
 605 022a 00       		.byte	0
 606 022b 0A       		.uleb128 0xa
 607 022c 02       		.byte	0x2
 608 022d 03       		.byte	0x3
 609 022e 9A01     		.2byte	0x19a
 610 0230 F7020000 		.4byte	0x2f7
 611 0234 09       		.uleb128 0x9
 612 0235 95040000 		.4byte	.LASF71
 613 0239 00       		.sleb128 0
 614 023a 09       		.uleb128 0x9
 615 023b FB030000 		.4byte	.LASF72
 616 023f 01       		.sleb128 1
 617 0240 09       		.uleb128 0x9
 618 0241 9C0B0000 		.4byte	.LASF73
 619 0245 02       		.sleb128 2
 620 0246 09       		.uleb128 0x9
 621 0247 91000000 		.4byte	.LASF74
 622 024b 03       		.sleb128 3
ARM GAS  C:\Users\jdmoussa\AppData\Local\Temp\ccJ6k8Kz.s 			page 15


 623 024c 09       		.uleb128 0x9
 624 024d E30B0000 		.4byte	.LASF75
 625 0251 04       		.sleb128 4
 626 0252 09       		.uleb128 0x9
 627 0253 30050000 		.4byte	.LASF76
 628 0257 05       		.sleb128 5
 629 0258 09       		.uleb128 0x9
 630 0259 2E0A0000 		.4byte	.LASF77
 631 025d 06       		.sleb128 6
 632 025e 09       		.uleb128 0x9
 633 025f A6020000 		.4byte	.LASF78
 634 0263 07       		.sleb128 7
 635 0264 09       		.uleb128 0x9
 636 0265 880A0000 		.4byte	.LASF79
 637 0269 08       		.sleb128 8
 638 026a 09       		.uleb128 0x9
 639 026b BB0C0000 		.4byte	.LASF80
 640 026f 09       		.sleb128 9
 641 0270 09       		.uleb128 0x9
 642 0271 B1090000 		.4byte	.LASF81
 643 0275 0A       		.sleb128 10
 644 0276 09       		.uleb128 0x9
 645 0277 AB0A0000 		.4byte	.LASF82
 646 027b 0B       		.sleb128 11
 647 027c 09       		.uleb128 0x9
 648 027d 0B020000 		.4byte	.LASF83
 649 0281 0C       		.sleb128 12
 650 0282 09       		.uleb128 0x9
 651 0283 5E010000 		.4byte	.LASF84
 652 0287 0D       		.sleb128 13
 653 0288 09       		.uleb128 0x9
 654 0289 7F050000 		.4byte	.LASF85
 655 028d 0E       		.sleb128 14
 656 028e 09       		.uleb128 0x9
 657 028f 590C0000 		.4byte	.LASF86
 658 0293 0F       		.sleb128 15
 659 0294 09       		.uleb128 0x9
 660 0295 420B0000 		.4byte	.LASF87
 661 0299 10       		.sleb128 16
 662 029a 09       		.uleb128 0x9
 663 029b 16060000 		.4byte	.LASF88
 664 029f 11       		.sleb128 17
 665 02a0 09       		.uleb128 0x9
 666 02a1 8B030000 		.4byte	.LASF89
 667 02a5 12       		.sleb128 18
 668 02a6 09       		.uleb128 0x9
 669 02a7 5E0D0000 		.4byte	.LASF90
 670 02ab 13       		.sleb128 19
 671 02ac 09       		.uleb128 0x9
 672 02ad 84020000 		.4byte	.LASF91
 673 02b1 27       		.sleb128 39
 674 02b2 09       		.uleb128 0x9
 675 02b3 1D0B0000 		.4byte	.LASF92
 676 02b7 28       		.sleb128 40
 677 02b8 09       		.uleb128 0x9
 678 02b9 3D0C0000 		.4byte	.LASF93
 679 02bd 29       		.sleb128 41
ARM GAS  C:\Users\jdmoussa\AppData\Local\Temp\ccJ6k8Kz.s 			page 16


 680 02be 09       		.uleb128 0x9
 681 02bf 95070000 		.4byte	.LASF94
 682 02c3 FF01     		.sleb128 255
 683 02c5 09       		.uleb128 0x9
 684 02c6 35030000 		.4byte	.LASF95
 685 02ca 8002     		.sleb128 256
 686 02cc 09       		.uleb128 0x9
 687 02cd FD0C0000 		.4byte	.LASF96
 688 02d1 8102     		.sleb128 257
 689 02d3 09       		.uleb128 0x9
 690 02d4 7F070000 		.4byte	.LASF97
 691 02d8 8202     		.sleb128 258
 692 02da 09       		.uleb128 0x9
 693 02db 40060000 		.4byte	.LASF98
 694 02df 8302     		.sleb128 259
 695 02e1 09       		.uleb128 0x9
 696 02e2 B2080000 		.4byte	.LASF99
 697 02e6 8402     		.sleb128 260
 698 02e8 09       		.uleb128 0x9
 699 02e9 CB090000 		.4byte	.LASF100
 700 02ed 8502     		.sleb128 261
 701 02ef 09       		.uleb128 0x9
 702 02f0 FD020000 		.4byte	.LASF101
 703 02f4 8602     		.sleb128 262
 704 02f6 00       		.byte	0
 705 02f7 05       		.uleb128 0x5
 706 02f8 7E080000 		.4byte	.LASF102
 707 02fc 03       		.byte	0x3
 708 02fd F401     		.2byte	0x1f4
 709 02ff 2B020000 		.4byte	0x22b
 710 0303 0B       		.uleb128 0xb
 711 0304 07       		.byte	0x7
 712 0305 03       		.byte	0x3
 713 0306 7502     		.2byte	0x275
 714 0308 27030000 		.4byte	0x327
 715 030c 0C       		.uleb128 0xc
 716 030d 8E060000 		.4byte	.LASF103
 717 0311 03       		.byte	0x3
 718 0312 7702     		.2byte	0x277
 719 0314 27030000 		.4byte	0x327
 720 0318 00       		.byte	0
 721 0319 0C       		.uleb128 0xc
 722 031a 3E010000 		.4byte	.LASF104
 723 031e 03       		.byte	0x3
 724 031f 7802     		.2byte	0x278
 725 0321 6B000000 		.4byte	0x6b
 726 0325 06       		.byte	0x6
 727 0326 00       		.byte	0
 728 0327 0D       		.uleb128 0xd
 729 0328 6B000000 		.4byte	0x6b
 730 032c 37030000 		.4byte	0x337
 731 0330 0E       		.uleb128 0xe
 732 0331 B2000000 		.4byte	0xb2
 733 0335 05       		.byte	0x5
 734 0336 00       		.byte	0
 735 0337 05       		.uleb128 0x5
 736 0338 F7010000 		.4byte	.LASF105
ARM GAS  C:\Users\jdmoussa\AppData\Local\Temp\ccJ6k8Kz.s 			page 17


 737 033c 03       		.byte	0x3
 738 033d 7902     		.2byte	0x279
 739 033f 03030000 		.4byte	0x303
 740 0343 0F       		.uleb128 0xf
 741 0344 04       		.byte	0x4
 742 0345 6B000000 		.4byte	0x6b
 743 0349 05       		.uleb128 0x5
 744 034a 380D0000 		.4byte	.LASF106
 745 034e 04       		.byte	0x4
 746 034f 5201     		.2byte	0x152
 747 0351 76000000 		.4byte	0x76
 748 0355 0B       		.uleb128 0xb
 749 0356 02       		.byte	0x2
 750 0357 04       		.byte	0x4
 751 0358 5501     		.2byte	0x155
 752 035a 79030000 		.4byte	0x379
 753 035e 0C       		.uleb128 0xc
 754 035f F40C0000 		.4byte	.LASF107
 755 0363 04       		.byte	0x4
 756 0364 5C01     		.2byte	0x15c
 757 0366 6B000000 		.4byte	0x6b
 758 036a 00       		.byte	0
 759 036b 0C       		.uleb128 0xc
 760 036c 25070000 		.4byte	.LASF108
 761 0370 04       		.byte	0x4
 762 0371 6201     		.2byte	0x162
 763 0373 6B000000 		.4byte	0x6b
 764 0377 01       		.byte	0x1
 765 0378 00       		.byte	0
 766 0379 05       		.uleb128 0x5
 767 037a 72000000 		.4byte	.LASF109
 768 037e 04       		.byte	0x4
 769 037f 6401     		.2byte	0x164
 770 0381 55030000 		.4byte	0x355
 771 0385 0B       		.uleb128 0xb
 772 0386 08       		.byte	0x8
 773 0387 04       		.byte	0x4
 774 0388 7901     		.2byte	0x179
 775 038a B6030000 		.4byte	0x3b6
 776 038e 10       		.uleb128 0x10
 777 038f 76616C00 		.ascii	"val\000"
 778 0393 04       		.byte	0x4
 779 0394 7C01     		.2byte	0x17c
 780 0396 43030000 		.4byte	0x343
 781 039a 00       		.byte	0
 782 039b 10       		.uleb128 0x10
 783 039c 6C656E00 		.ascii	"len\000"
 784 03a0 04       		.byte	0x4
 785 03a1 7F01     		.2byte	0x17f
 786 03a3 76000000 		.4byte	0x76
 787 03a7 04       		.byte	0x4
 788 03a8 0C       		.uleb128 0xc
 789 03a9 C3020000 		.4byte	.LASF110
 790 03ad 04       		.byte	0x4
 791 03ae 8601     		.2byte	0x186
 792 03b0 76000000 		.4byte	0x76
 793 03b4 06       		.byte	0x6
ARM GAS  C:\Users\jdmoussa\AppData\Local\Temp\ccJ6k8Kz.s 			page 18


 794 03b5 00       		.byte	0
 795 03b6 05       		.uleb128 0x5
 796 03b7 83010000 		.4byte	.LASF111
 797 03bb 04       		.byte	0x4
 798 03bc 8801     		.2byte	0x188
 799 03be 85030000 		.4byte	0x385
 800 03c2 0B       		.uleb128 0xb
 801 03c3 0C       		.byte	0xc
 802 03c4 04       		.byte	0x4
 803 03c5 8B01     		.2byte	0x18b
 804 03c7 E6030000 		.4byte	0x3e6
 805 03cb 0C       		.uleb128 0xc
 806 03cc 2A050000 		.4byte	.LASF112
 807 03d0 04       		.byte	0x4
 808 03d1 8E01     		.2byte	0x18e
 809 03d3 B6030000 		.4byte	0x3b6
 810 03d7 00       		.byte	0
 811 03d8 0C       		.uleb128 0xc
 812 03d9 08050000 		.4byte	.LASF113
 813 03dd 04       		.byte	0x4
 814 03de 9101     		.2byte	0x191
 815 03e0 49030000 		.4byte	0x349
 816 03e4 08       		.byte	0x8
 817 03e5 00       		.byte	0
 818 03e6 05       		.uleb128 0x5
 819 03e7 CB080000 		.4byte	.LASF114
 820 03eb 04       		.byte	0x4
 821 03ec 9301     		.2byte	0x193
 822 03ee C2030000 		.4byte	0x3c2
 823 03f2 11       		.uleb128 0x11
 824 03f3 10       		.byte	0x10
 825 03f4 05       		.byte	0x5
 826 03f5 52       		.byte	0x52
 827 03f6 13040000 		.4byte	0x413
 828 03fa 12       		.uleb128 0x12
 829 03fb 86000000 		.4byte	.LASF115
 830 03ff 05       		.byte	0x5
 831 0400 55       		.byte	0x55
 832 0401 79030000 		.4byte	0x379
 833 0405 00       		.byte	0
 834 0406 12       		.uleb128 0x12
 835 0407 71070000 		.4byte	.LASF116
 836 040b 05       		.byte	0x5
 837 040c 58       		.byte	0x58
 838 040d E6030000 		.4byte	0x3e6
 839 0411 04       		.byte	0x4
 840 0412 00       		.byte	0
 841 0413 04       		.uleb128 0x4
 842 0414 ED070000 		.4byte	.LASF117
 843 0418 05       		.byte	0x5
 844 0419 5A       		.byte	0x5a
 845 041a F2030000 		.4byte	0x3f2
 846 041e 0A       		.uleb128 0xa
 847 041f 01       		.byte	0x1
 848 0420 06       		.byte	0x6
 849 0421 9505     		.2byte	0x595
 850 0423 46040000 		.4byte	0x446
ARM GAS  C:\Users\jdmoussa\AppData\Local\Temp\ccJ6k8Kz.s 			page 19


 851 0427 09       		.uleb128 0x9
 852 0428 3F000000 		.4byte	.LASF118
 853 042c 00       		.sleb128 0
 854 042d 09       		.uleb128 0x9
 855 042e 0B080000 		.4byte	.LASF119
 856 0432 01       		.sleb128 1
 857 0433 09       		.uleb128 0x9
 858 0434 7E0C0000 		.4byte	.LASF120
 859 0438 02       		.sleb128 2
 860 0439 09       		.uleb128 0x9
 861 043a 3F020000 		.4byte	.LASF121
 862 043e 03       		.sleb128 3
 863 043f 09       		.uleb128 0x9
 864 0440 4A030000 		.4byte	.LASF122
 865 0444 04       		.sleb128 4
 866 0445 00       		.byte	0
 867 0446 05       		.uleb128 0x5
 868 0447 110C0000 		.4byte	.LASF123
 869 044b 06       		.byte	0x6
 870 044c A305     		.2byte	0x5a3
 871 044e 1E040000 		.4byte	0x41e
 872 0452 13       		.uleb128 0x13
 873 0453 6C050000 		.4byte	.LASF125
 874 0457 01       		.byte	0x1
 875 0458 24       		.byte	0x24
 876 0459 00000000 		.4byte	.LFB35
 877 045d 98000000 		.4byte	.LFE35-.LFB35
 878 0461 01       		.uleb128 0x1
 879 0462 9C       		.byte	0x9c
 880 0463 82040000 		.4byte	0x482
 881 0467 14       		.uleb128 0x14
 882 0468 6900     		.ascii	"i\000"
 883 046a 01       		.byte	0x1
 884 046b 26       		.byte	0x26
 885 046c 76000000 		.4byte	0x76
 886 0470 02       		.uleb128 0x2
 887 0471 91       		.byte	0x91
 888 0472 76       		.sleb128 -10
 889 0473 15       		.uleb128 0x15
 890 0474 540D0000 		.4byte	.LASF124
 891 0478 01       		.byte	0x1
 892 0479 27       		.byte	0x27
 893 047a 37030000 		.4byte	0x337
 894 047e 02       		.uleb128 0x2
 895 047f 91       		.byte	0x91
 896 0480 6C       		.sleb128 -20
 897 0481 00       		.byte	0
 898 0482 13       		.uleb128 0x13
 899 0483 E8010000 		.4byte	.LASF126
 900 0487 01       		.byte	0x1
 901 0488 48       		.byte	0x48
 902 0489 00000000 		.4byte	.LFB36
 903 048d 1C010000 		.4byte	.LFE36-.LFB36
 904 0491 01       		.uleb128 0x1
 905 0492 9C       		.byte	0x9c
 906 0493 C0040000 		.4byte	0x4c0
 907 0497 16       		.uleb128 0x16
ARM GAS  C:\Users\jdmoussa\AppData\Local\Temp\ccJ6k8Kz.s 			page 20


 908 0498 3A060000 		.4byte	.LASF127
 909 049c 01       		.byte	0x1
 910 049d 48       		.byte	0x48
 911 049e 81000000 		.4byte	0x81
 912 04a2 02       		.uleb128 0x2
 913 04a3 91       		.byte	0x91
 914 04a4 6C       		.sleb128 -20
 915 04a5 16       		.uleb128 0x16
 916 04a6 D80B0000 		.4byte	.LASF128
 917 04aa 01       		.byte	0x1
 918 04ab 48       		.byte	0x48
 919 04ac B9000000 		.4byte	0xb9
 920 04b0 02       		.uleb128 0x2
 921 04b1 91       		.byte	0x91
 922 04b2 68       		.sleb128 -24
 923 04b3 14       		.uleb128 0x14
 924 04b4 6900     		.ascii	"i\000"
 925 04b6 01       		.byte	0x1
 926 04b7 4A       		.byte	0x4a
 927 04b8 76000000 		.4byte	0x76
 928 04bc 02       		.uleb128 0x2
 929 04bd 91       		.byte	0x91
 930 04be 76       		.sleb128 -10
 931 04bf 00       		.byte	0
 932 04c0 17       		.uleb128 0x17
 933 04c1 D8060000 		.4byte	.LASF129
 934 04c5 06       		.byte	0x6
 935 04c6 2207     		.2byte	0x722
 936 04c8 46040000 		.4byte	0x446
 937 04cc 18       		.uleb128 0x18
 938 04cd 74080000 		.4byte	.LASF130
 939 04d1 07       		.byte	0x7
 940 04d2 35       		.byte	0x35
 941 04d3 F7020000 		.4byte	0x2f7
 942 04d7 00       		.byte	0
 943              		.section	.debug_abbrev,"",%progbits
 944              	.Ldebug_abbrev0:
 945 0000 01       		.uleb128 0x1
 946 0001 11       		.uleb128 0x11
 947 0002 01       		.byte	0x1
 948 0003 25       		.uleb128 0x25
 949 0004 0E       		.uleb128 0xe
 950 0005 13       		.uleb128 0x13
 951 0006 0B       		.uleb128 0xb
 952 0007 03       		.uleb128 0x3
 953 0008 0E       		.uleb128 0xe
 954 0009 1B       		.uleb128 0x1b
 955 000a 0E       		.uleb128 0xe
 956 000b 55       		.uleb128 0x55
 957 000c 17       		.uleb128 0x17
 958 000d 11       		.uleb128 0x11
 959 000e 01       		.uleb128 0x1
 960 000f 10       		.uleb128 0x10
 961 0010 17       		.uleb128 0x17
 962 0011 00       		.byte	0
 963 0012 00       		.byte	0
 964 0013 02       		.uleb128 0x2
ARM GAS  C:\Users\jdmoussa\AppData\Local\Temp\ccJ6k8Kz.s 			page 21


 965 0014 24       		.uleb128 0x24
 966 0015 00       		.byte	0
 967 0016 0B       		.uleb128 0xb
 968 0017 0B       		.uleb128 0xb
 969 0018 3E       		.uleb128 0x3e
 970 0019 0B       		.uleb128 0xb
 971 001a 03       		.uleb128 0x3
 972 001b 0E       		.uleb128 0xe
 973 001c 00       		.byte	0
 974 001d 00       		.byte	0
 975 001e 03       		.uleb128 0x3
 976 001f 24       		.uleb128 0x24
 977 0020 00       		.byte	0
 978 0021 0B       		.uleb128 0xb
 979 0022 0B       		.uleb128 0xb
 980 0023 3E       		.uleb128 0x3e
 981 0024 0B       		.uleb128 0xb
 982 0025 03       		.uleb128 0x3
 983 0026 08       		.uleb128 0x8
 984 0027 00       		.byte	0
 985 0028 00       		.byte	0
 986 0029 04       		.uleb128 0x4
 987 002a 16       		.uleb128 0x16
 988 002b 00       		.byte	0
 989 002c 03       		.uleb128 0x3
 990 002d 0E       		.uleb128 0xe
 991 002e 3A       		.uleb128 0x3a
 992 002f 0B       		.uleb128 0xb
 993 0030 3B       		.uleb128 0x3b
 994 0031 0B       		.uleb128 0xb
 995 0032 49       		.uleb128 0x49
 996 0033 13       		.uleb128 0x13
 997 0034 00       		.byte	0
 998 0035 00       		.byte	0
 999 0036 05       		.uleb128 0x5
 1000 0037 16       		.uleb128 0x16
 1001 0038 00       		.byte	0
 1002 0039 03       		.uleb128 0x3
 1003 003a 0E       		.uleb128 0xe
 1004 003b 3A       		.uleb128 0x3a
 1005 003c 0B       		.uleb128 0xb
 1006 003d 3B       		.uleb128 0x3b
 1007 003e 05       		.uleb128 0x5
 1008 003f 49       		.uleb128 0x49
 1009 0040 13       		.uleb128 0x13
 1010 0041 00       		.byte	0
 1011 0042 00       		.byte	0
 1012 0043 06       		.uleb128 0x6
 1013 0044 35       		.uleb128 0x35
 1014 0045 00       		.byte	0
 1015 0046 49       		.uleb128 0x49
 1016 0047 13       		.uleb128 0x13
 1017 0048 00       		.byte	0
 1018 0049 00       		.byte	0
 1019 004a 07       		.uleb128 0x7
 1020 004b 0F       		.uleb128 0xf
 1021 004c 00       		.byte	0
ARM GAS  C:\Users\jdmoussa\AppData\Local\Temp\ccJ6k8Kz.s 			page 22


 1022 004d 0B       		.uleb128 0xb
 1023 004e 0B       		.uleb128 0xb
 1024 004f 00       		.byte	0
 1025 0050 00       		.byte	0
 1026 0051 08       		.uleb128 0x8
 1027 0052 04       		.uleb128 0x4
 1028 0053 01       		.byte	0x1
 1029 0054 0B       		.uleb128 0xb
 1030 0055 0B       		.uleb128 0xb
 1031 0056 3A       		.uleb128 0x3a
 1032 0057 0B       		.uleb128 0xb
 1033 0058 3B       		.uleb128 0x3b
 1034 0059 0B       		.uleb128 0xb
 1035 005a 01       		.uleb128 0x1
 1036 005b 13       		.uleb128 0x13
 1037 005c 00       		.byte	0
 1038 005d 00       		.byte	0
 1039 005e 09       		.uleb128 0x9
 1040 005f 28       		.uleb128 0x28
 1041 0060 00       		.byte	0
 1042 0061 03       		.uleb128 0x3
 1043 0062 0E       		.uleb128 0xe
 1044 0063 1C       		.uleb128 0x1c
 1045 0064 0D       		.uleb128 0xd
 1046 0065 00       		.byte	0
 1047 0066 00       		.byte	0
 1048 0067 0A       		.uleb128 0xa
 1049 0068 04       		.uleb128 0x4
 1050 0069 01       		.byte	0x1
 1051 006a 0B       		.uleb128 0xb
 1052 006b 0B       		.uleb128 0xb
 1053 006c 3A       		.uleb128 0x3a
 1054 006d 0B       		.uleb128 0xb
 1055 006e 3B       		.uleb128 0x3b
 1056 006f 05       		.uleb128 0x5
 1057 0070 01       		.uleb128 0x1
 1058 0071 13       		.uleb128 0x13
 1059 0072 00       		.byte	0
 1060 0073 00       		.byte	0
 1061 0074 0B       		.uleb128 0xb
 1062 0075 13       		.uleb128 0x13
 1063 0076 01       		.byte	0x1
 1064 0077 0B       		.uleb128 0xb
 1065 0078 0B       		.uleb128 0xb
 1066 0079 3A       		.uleb128 0x3a
 1067 007a 0B       		.uleb128 0xb
 1068 007b 3B       		.uleb128 0x3b
 1069 007c 05       		.uleb128 0x5
 1070 007d 01       		.uleb128 0x1
 1071 007e 13       		.uleb128 0x13
 1072 007f 00       		.byte	0
 1073 0080 00       		.byte	0
 1074 0081 0C       		.uleb128 0xc
 1075 0082 0D       		.uleb128 0xd
 1076 0083 00       		.byte	0
 1077 0084 03       		.uleb128 0x3
 1078 0085 0E       		.uleb128 0xe
ARM GAS  C:\Users\jdmoussa\AppData\Local\Temp\ccJ6k8Kz.s 			page 23


 1079 0086 3A       		.uleb128 0x3a
 1080 0087 0B       		.uleb128 0xb
 1081 0088 3B       		.uleb128 0x3b
 1082 0089 05       		.uleb128 0x5
 1083 008a 49       		.uleb128 0x49
 1084 008b 13       		.uleb128 0x13
 1085 008c 38       		.uleb128 0x38
 1086 008d 0B       		.uleb128 0xb
 1087 008e 00       		.byte	0
 1088 008f 00       		.byte	0
 1089 0090 0D       		.uleb128 0xd
 1090 0091 01       		.uleb128 0x1
 1091 0092 01       		.byte	0x1
 1092 0093 49       		.uleb128 0x49
 1093 0094 13       		.uleb128 0x13
 1094 0095 01       		.uleb128 0x1
 1095 0096 13       		.uleb128 0x13
 1096 0097 00       		.byte	0
 1097 0098 00       		.byte	0
 1098 0099 0E       		.uleb128 0xe
 1099 009a 21       		.uleb128 0x21
 1100 009b 00       		.byte	0
 1101 009c 49       		.uleb128 0x49
 1102 009d 13       		.uleb128 0x13
 1103 009e 2F       		.uleb128 0x2f
 1104 009f 0B       		.uleb128 0xb
 1105 00a0 00       		.byte	0
 1106 00a1 00       		.byte	0
 1107 00a2 0F       		.uleb128 0xf
 1108 00a3 0F       		.uleb128 0xf
 1109 00a4 00       		.byte	0
 1110 00a5 0B       		.uleb128 0xb
 1111 00a6 0B       		.uleb128 0xb
 1112 00a7 49       		.uleb128 0x49
 1113 00a8 13       		.uleb128 0x13
 1114 00a9 00       		.byte	0
 1115 00aa 00       		.byte	0
 1116 00ab 10       		.uleb128 0x10
 1117 00ac 0D       		.uleb128 0xd
 1118 00ad 00       		.byte	0
 1119 00ae 03       		.uleb128 0x3
 1120 00af 08       		.uleb128 0x8
 1121 00b0 3A       		.uleb128 0x3a
 1122 00b1 0B       		.uleb128 0xb
 1123 00b2 3B       		.uleb128 0x3b
 1124 00b3 05       		.uleb128 0x5
 1125 00b4 49       		.uleb128 0x49
 1126 00b5 13       		.uleb128 0x13
 1127 00b6 38       		.uleb128 0x38
 1128 00b7 0B       		.uleb128 0xb
 1129 00b8 00       		.byte	0
 1130 00b9 00       		.byte	0
 1131 00ba 11       		.uleb128 0x11
 1132 00bb 13       		.uleb128 0x13
 1133 00bc 01       		.byte	0x1
 1134 00bd 0B       		.uleb128 0xb
 1135 00be 0B       		.uleb128 0xb
ARM GAS  C:\Users\jdmoussa\AppData\Local\Temp\ccJ6k8Kz.s 			page 24


 1136 00bf 3A       		.uleb128 0x3a
 1137 00c0 0B       		.uleb128 0xb
 1138 00c1 3B       		.uleb128 0x3b
 1139 00c2 0B       		.uleb128 0xb
 1140 00c3 01       		.uleb128 0x1
 1141 00c4 13       		.uleb128 0x13
 1142 00c5 00       		.byte	0
 1143 00c6 00       		.byte	0
 1144 00c7 12       		.uleb128 0x12
 1145 00c8 0D       		.uleb128 0xd
 1146 00c9 00       		.byte	0
 1147 00ca 03       		.uleb128 0x3
 1148 00cb 0E       		.uleb128 0xe
 1149 00cc 3A       		.uleb128 0x3a
 1150 00cd 0B       		.uleb128 0xb
 1151 00ce 3B       		.uleb128 0x3b
 1152 00cf 0B       		.uleb128 0xb
 1153 00d0 49       		.uleb128 0x49
 1154 00d1 13       		.uleb128 0x13
 1155 00d2 38       		.uleb128 0x38
 1156 00d3 0B       		.uleb128 0xb
 1157 00d4 00       		.byte	0
 1158 00d5 00       		.byte	0
 1159 00d6 13       		.uleb128 0x13
 1160 00d7 2E       		.uleb128 0x2e
 1161 00d8 01       		.byte	0x1
 1162 00d9 3F       		.uleb128 0x3f
 1163 00da 19       		.uleb128 0x19
 1164 00db 03       		.uleb128 0x3
 1165 00dc 0E       		.uleb128 0xe
 1166 00dd 3A       		.uleb128 0x3a
 1167 00de 0B       		.uleb128 0xb
 1168 00df 3B       		.uleb128 0x3b
 1169 00e0 0B       		.uleb128 0xb
 1170 00e1 27       		.uleb128 0x27
 1171 00e2 19       		.uleb128 0x19
 1172 00e3 11       		.uleb128 0x11
 1173 00e4 01       		.uleb128 0x1
 1174 00e5 12       		.uleb128 0x12
 1175 00e6 06       		.uleb128 0x6
 1176 00e7 40       		.uleb128 0x40
 1177 00e8 18       		.uleb128 0x18
 1178 00e9 9642     		.uleb128 0x2116
 1179 00eb 19       		.uleb128 0x19
 1180 00ec 01       		.uleb128 0x1
 1181 00ed 13       		.uleb128 0x13
 1182 00ee 00       		.byte	0
 1183 00ef 00       		.byte	0
 1184 00f0 14       		.uleb128 0x14
 1185 00f1 34       		.uleb128 0x34
 1186 00f2 00       		.byte	0
 1187 00f3 03       		.uleb128 0x3
 1188 00f4 08       		.uleb128 0x8
 1189 00f5 3A       		.uleb128 0x3a
 1190 00f6 0B       		.uleb128 0xb
 1191 00f7 3B       		.uleb128 0x3b
 1192 00f8 0B       		.uleb128 0xb
ARM GAS  C:\Users\jdmoussa\AppData\Local\Temp\ccJ6k8Kz.s 			page 25


 1193 00f9 49       		.uleb128 0x49
 1194 00fa 13       		.uleb128 0x13
 1195 00fb 02       		.uleb128 0x2
 1196 00fc 18       		.uleb128 0x18
 1197 00fd 00       		.byte	0
 1198 00fe 00       		.byte	0
 1199 00ff 15       		.uleb128 0x15
 1200 0100 34       		.uleb128 0x34
 1201 0101 00       		.byte	0
 1202 0102 03       		.uleb128 0x3
 1203 0103 0E       		.uleb128 0xe
 1204 0104 3A       		.uleb128 0x3a
 1205 0105 0B       		.uleb128 0xb
 1206 0106 3B       		.uleb128 0x3b
 1207 0107 0B       		.uleb128 0xb
 1208 0108 49       		.uleb128 0x49
 1209 0109 13       		.uleb128 0x13
 1210 010a 02       		.uleb128 0x2
 1211 010b 18       		.uleb128 0x18
 1212 010c 00       		.byte	0
 1213 010d 00       		.byte	0
 1214 010e 16       		.uleb128 0x16
 1215 010f 05       		.uleb128 0x5
 1216 0110 00       		.byte	0
 1217 0111 03       		.uleb128 0x3
 1218 0112 0E       		.uleb128 0xe
 1219 0113 3A       		.uleb128 0x3a
 1220 0114 0B       		.uleb128 0xb
 1221 0115 3B       		.uleb128 0x3b
 1222 0116 0B       		.uleb128 0xb
 1223 0117 49       		.uleb128 0x49
 1224 0118 13       		.uleb128 0x13
 1225 0119 02       		.uleb128 0x2
 1226 011a 18       		.uleb128 0x18
 1227 011b 00       		.byte	0
 1228 011c 00       		.byte	0
 1229 011d 17       		.uleb128 0x17
 1230 011e 34       		.uleb128 0x34
 1231 011f 00       		.byte	0
 1232 0120 03       		.uleb128 0x3
 1233 0121 0E       		.uleb128 0xe
 1234 0122 3A       		.uleb128 0x3a
 1235 0123 0B       		.uleb128 0xb
 1236 0124 3B       		.uleb128 0x3b
 1237 0125 05       		.uleb128 0x5
 1238 0126 49       		.uleb128 0x49
 1239 0127 13       		.uleb128 0x13
 1240 0128 3F       		.uleb128 0x3f
 1241 0129 19       		.uleb128 0x19
 1242 012a 3C       		.uleb128 0x3c
 1243 012b 19       		.uleb128 0x19
 1244 012c 00       		.byte	0
 1245 012d 00       		.byte	0
 1246 012e 18       		.uleb128 0x18
 1247 012f 34       		.uleb128 0x34
 1248 0130 00       		.byte	0
 1249 0131 03       		.uleb128 0x3
ARM GAS  C:\Users\jdmoussa\AppData\Local\Temp\ccJ6k8Kz.s 			page 26


 1250 0132 0E       		.uleb128 0xe
 1251 0133 3A       		.uleb128 0x3a
 1252 0134 0B       		.uleb128 0xb
 1253 0135 3B       		.uleb128 0x3b
 1254 0136 0B       		.uleb128 0xb
 1255 0137 49       		.uleb128 0x49
 1256 0138 13       		.uleb128 0x13
 1257 0139 3F       		.uleb128 0x3f
 1258 013a 19       		.uleb128 0x19
 1259 013b 3C       		.uleb128 0x3c
 1260 013c 19       		.uleb128 0x19
 1261 013d 00       		.byte	0
 1262 013e 00       		.byte	0
 1263 013f 00       		.byte	0
 1264              		.section	.debug_aranges,"",%progbits
 1265 0000 24000000 		.4byte	0x24
 1266 0004 0200     		.2byte	0x2
 1267 0006 00000000 		.4byte	.Ldebug_info0
 1268 000a 04       		.byte	0x4
 1269 000b 00       		.byte	0
 1270 000c 0000     		.2byte	0
 1271 000e 0000     		.2byte	0
 1272 0010 00000000 		.4byte	.LFB35
 1273 0014 98000000 		.4byte	.LFE35-.LFB35
 1274 0018 00000000 		.4byte	.LFB36
 1275 001c 1C010000 		.4byte	.LFE36-.LFB36
 1276 0020 00000000 		.4byte	0
 1277 0024 00000000 		.4byte	0
 1278              		.section	.debug_ranges,"",%progbits
 1279              	.Ldebug_ranges0:
 1280 0000 00000000 		.4byte	.LFB35
 1281 0004 98000000 		.4byte	.LFE35
 1282 0008 00000000 		.4byte	.LFB36
 1283 000c 1C010000 		.4byte	.LFE36
 1284 0010 00000000 		.4byte	0
 1285 0014 00000000 		.4byte	0
 1286              		.section	.debug_line,"",%progbits
 1287              	.Ldebug_line0:
 1288 0000 2F010000 		.section	.debug_str,"MS",%progbits,1
 1288      0200AE00 
 1288      00000201 
 1288      FB0E0D00 
 1288      01010101 
 1289              	.LASF66:
 1290 0000 4359424C 		.ascii	"CYBLE_EVT_L2CAP_CBFC_RX_CREDIT_IND\000"
 1290      455F4556 
 1290      545F4C32 
 1290      4341505F 
 1290      43424643 
 1291              	.LASF22:
 1292 0023 4359424C 		.ascii	"CYBLE_EVT_STACK_BUSY_STATUS\000"
 1292      455F4556 
 1292      545F5354 
 1292      41434B5F 
 1292      42555359 
 1293              	.LASF118:
 1294 003f 4359424C 		.ascii	"CYBLE_STATE_STOPPED\000"
ARM GAS  C:\Users\jdmoussa\AppData\Local\Temp\ccJ6k8Kz.s 			page 27


 1294      455F5354 
 1294      4154455F 
 1294      53544F50 
 1294      50454400 
 1295              	.LASF65:
 1296 0053 4359424C 		.ascii	"CYBLE_EVT_L2CAP_CBFC_DATA_READ\000"
 1296      455F4556 
 1296      545F4C32 
 1296      4341505F 
 1296      43424643 
 1297              	.LASF109:
 1298 0072 4359424C 		.ascii	"CYBLE_CONN_HANDLE_T\000"
 1298      455F434F 
 1298      4E4E5F48 
 1298      414E444C 
 1298      455F5400 
 1299              	.LASF115:
 1300 0086 636F6E6E 		.ascii	"connHandle\000"
 1300      48616E64 
 1300      6C6500
 1301              	.LASF74:
 1302 0091 4359424C 		.ascii	"CYBLE_ERROR_MEMORY_ALLOCATION_FAILED\000"
 1302      455F4552 
 1302      524F525F 
 1302      4D454D4F 
 1302      52595F41 
 1303              	.LASF33:
 1304 00b6 4359424C 		.ascii	"CYBLE_EVT_GAP_CONNECTION_UPDATE_COMPLETE\000"
 1304      455F4556 
 1304      545F4741 
 1304      505F434F 
 1304      4E4E4543 
 1305              	.LASF64:
 1306 00df 4359424C 		.ascii	"CYBLE_EVT_L2CAP_CBFC_DISCONN_CNF\000"
 1306      455F4556 
 1306      545F4C32 
 1306      4341505F 
 1306      43424643 
 1307              	.LASF47:
 1308 0100 4359424C 		.ascii	"CYBLE_EVT_GATTC_READ_MULTI_RSP\000"
 1308      455F4556 
 1308      545F4741 
 1308      5454435F 
 1308      52454144 
 1309              	.LASF52:
 1310 011f 4359424C 		.ascii	"CYBLE_EVT_GATTS_EXEC_WRITE_REQ\000"
 1310      455F4556 
 1310      545F4741 
 1310      5454535F 
 1310      45584543 
 1311              	.LASF104:
 1312 013e 74797065 		.ascii	"type\000"
 1312      00
 1313              	.LASF19:
 1314 0143 4359424C 		.ascii	"CYBLE_EVT_TIMEOUT\000"
 1314      455F4556 
 1314      545F5449 
ARM GAS  C:\Users\jdmoussa\AppData\Local\Temp\ccJ6k8Kz.s 			page 28


 1314      4D454F55 
 1314      5400
 1315              	.LASF4:
 1316 0155 6C6F6E67 		.ascii	"long int\000"
 1316      20696E74 
 1316      00
 1317              	.LASF84:
 1318 015e 4359424C 		.ascii	"CYBLE_ERROR_L2CAP_PSM_WRONG_ENCODING\000"
 1318      455F4552 
 1318      524F525F 
 1318      4C324341 
 1318      505F5053 
 1319              	.LASF111:
 1320 0183 4359424C 		.ascii	"CYBLE_GATT_VALUE_T\000"
 1320      455F4741 
 1320      54545F56 
 1320      414C5545 
 1320      5F5400
 1321              	.LASF21:
 1322 0196 4359424C 		.ascii	"CYBLE_EVT_HCI_STATUS\000"
 1322      455F4556 
 1322      545F4843 
 1322      495F5354 
 1322      41545553 
 1323              	.LASF34:
 1324 01ab 4359424C 		.ascii	"CYBLE_EVT_GAPC_SCAN_START_STOP\000"
 1324      455F4556 
 1324      545F4741 
 1324      50435F53 
 1324      43414E5F 
 1325              	.LASF69:
 1326 01ca 4359424C 		.ascii	"CYBLE_EVT_PENDING_FLASH_WRITE\000"
 1326      455F4556 
 1326      545F5045 
 1326      4E44494E 
 1326      475F464C 
 1327              	.LASF126:
 1328 01e8 53657276 		.ascii	"ServerDebugOut\000"
 1328      65724465 
 1328      6275674F 
 1328      757400
 1329              	.LASF105:
 1330 01f7 4359424C 		.ascii	"CYBLE_GAP_BD_ADDR_T\000"
 1330      455F4741 
 1330      505F4244 
 1330      5F414444 
 1330      525F5400 
 1331              	.LASF83:
 1332 020b 4359424C 		.ascii	"CYBLE_ERROR_SEC_FAILED\000"
 1332      455F4552 
 1332      524F525F 
 1332      5345435F 
 1332      4641494C 
 1333              	.LASF32:
 1334 0222 4359424C 		.ascii	"CYBLE_EVT_GAP_ENCRYPT_CHANGE\000"
 1334      455F4556 
 1334      545F4741 
ARM GAS  C:\Users\jdmoussa\AppData\Local\Temp\ccJ6k8Kz.s 			page 29


 1334      505F454E 
 1334      43525950 
 1335              	.LASF121:
 1336 023f 4359424C 		.ascii	"CYBLE_STATE_ADVERTISING\000"
 1336      455F5354 
 1336      4154455F 
 1336      41445645 
 1336      52544953 
 1337              	.LASF6:
 1338 0257 6C6F6E67 		.ascii	"long long int\000"
 1338      206C6F6E 
 1338      6720696E 
 1338      7400
 1339              	.LASF0:
 1340 0265 7369676E 		.ascii	"signed char\000"
 1340      65642063 
 1340      68617200 
 1341              	.LASF18:
 1342 0271 4359424C 		.ascii	"CYBLE_EVT_STACK_ON\000"
 1342      455F4556 
 1342      545F5354 
 1342      41434B5F 
 1342      4F4E00
 1343              	.LASF91:
 1344 0284 4359424C 		.ascii	"CYBLE_ERROR_DEVICE_ALREADY_EXISTS\000"
 1344      455F4552 
 1344      524F525F 
 1344      44455649 
 1344      43455F41 
 1345              	.LASF78:
 1346 02a6 4359424C 		.ascii	"CYBLE_ERROR_NO_DEVICE_ENTITY\000"
 1346      455F4552 
 1346      524F525F 
 1346      4E4F5F44 
 1346      45564943 
 1347              	.LASF110:
 1348 02c3 61637475 		.ascii	"actualLen\000"
 1348      616C4C65 
 1348      6E00
 1349              	.LASF24:
 1350 02cd 4359424C 		.ascii	"CYBLE_EVT_GAP_AUTH_REQ\000"
 1350      455F4556 
 1350      545F4741 
 1350      505F4155 
 1350      54485F52 
 1351              	.LASF45:
 1352 02e4 4359424C 		.ascii	"CYBLE_EVT_GATTC_READ_RSP\000"
 1352      455F4556 
 1352      545F4741 
 1352      5454435F 
 1352      52454144 
 1353              	.LASF101:
 1354 02fd 4359424C 		.ascii	"CYBLE_ERROR_INVALID_STATE\000"
 1354      455F4552 
 1354      524F525F 
 1354      494E5641 
 1354      4C49445F 
ARM GAS  C:\Users\jdmoussa\AppData\Local\Temp\ccJ6k8Kz.s 			page 30


 1355              	.LASF50:
 1356 0317 4359424C 		.ascii	"CYBLE_EVT_GATTS_WRITE_CMD_REQ\000"
 1356      455F4556 
 1356      545F4741 
 1356      5454535F 
 1356      57524954 
 1357              	.LASF95:
 1358 0335 4359424C 		.ascii	"CYBLE_INCL_DISC_DONE\000"
 1358      455F494E 
 1358      434C5F44 
 1358      4953435F 
 1358      444F4E45 
 1359              	.LASF122:
 1360 034a 4359424C 		.ascii	"CYBLE_STATE_DISCONNECTED\000"
 1360      455F5354 
 1360      4154455F 
 1360      44495343 
 1360      4F4E4E45 
 1361              	.LASF29:
 1362 0363 4359424C 		.ascii	"CYBLE_EVT_GAPP_ADVERTISEMENT_START_STOP\000"
 1362      455F4556 
 1362      545F4741 
 1362      50505F41 
 1362      44564552 
 1363              	.LASF89:
 1364 038b 4359424C 		.ascii	"CYBLE_ERROR_L2CAP_PSM_NOT_IN_RANGE\000"
 1364      455F4552 
 1364      524F525F 
 1364      4C324341 
 1364      505F5053 
 1365              	.LASF9:
 1366 03ae 75696E74 		.ascii	"uint8\000"
 1366      3800
 1367              	.LASF53:
 1368 03b4 4359424C 		.ascii	"CYBLE_EVT_GATTC_EXEC_WRITE_RSP\000"
 1368      455F4556 
 1368      545F4741 
 1368      5454435F 
 1368      45584543 
 1369              	.LASF13:
 1370 03d3 646F7562 		.ascii	"double\000"
 1370      6C6500
 1371              	.LASF63:
 1372 03da 4359424C 		.ascii	"CYBLE_EVT_L2CAP_CBFC_DISCONN_IND\000"
 1372      455F4556 
 1372      545F4C32 
 1372      4341505F 
 1372      43424643 
 1373              	.LASF72:
 1374 03fb 4359424C 		.ascii	"CYBLE_ERROR_INVALID_PARAMETER\000"
 1374      455F4552 
 1374      524F525F 
 1374      494E5641 
 1374      4C49445F 
 1375              	.LASF133:
 1376 0419 433A5C55 		.ascii	"C:\\Users\\jdmoussa\\Documents\\PSoC Creator\\BLE_B"
 1376      73657273 
ARM GAS  C:\Users\jdmoussa\AppData\Local\Temp\ccJ6k8Kz.s 			page 31


 1376      5C6A646D 
 1376      6F757373 
 1376      615C446F 
 1377 0447 6C6F6F64 		.ascii	"lood_Pressure_Sensor01\\BLE_Blood_Pressure_Sensor01"
 1377      5F507265 
 1377      73737572 
 1377      655F5365 
 1377      6E736F72 
 1378 0479 2E637964 		.ascii	".cydsn\000"
 1378      736E00
 1379              	.LASF11:
 1380 0480 75696E74 		.ascii	"uint32\000"
 1380      333200
 1381              	.LASF70:
 1382 0487 4359424C 		.ascii	"CYBLE_EVT_MAX\000"
 1382      455F4556 
 1382      545F4D41 
 1382      5800
 1383              	.LASF71:
 1384 0495 4359424C 		.ascii	"CYBLE_ERROR_OK\000"
 1384      455F4552 
 1384      524F525F 
 1384      4F4B00
 1385              	.LASF36:
 1386 04a4 4359424C 		.ascii	"CYBLE_EVT_GATTC_ERROR_RSP\000"
 1386      455F4556 
 1386      545F4741 
 1386      5454435F 
 1386      4552524F 
 1387              	.LASF58:
 1388 04be 4359424C 		.ascii	"CYBLE_EVT_L2CAP_CONN_PARAM_UPDATE_REQ\000"
 1388      455F4556 
 1388      545F4C32 
 1388      4341505F 
 1388      434F4E4E 
 1389              	.LASF68:
 1390 04e4 4359424C 		.ascii	"CYBLE_EVT_L2CAP_CBFC_DATA_WRITE_IND\000"
 1390      455F4556 
 1390      545F4C32 
 1390      4341505F 
 1390      43424643 
 1391              	.LASF113:
 1392 0508 61747472 		.ascii	"attrHandle\000"
 1392      48616E64 
 1392      6C6500
 1393              	.LASF7:
 1394 0513 6C6F6E67 		.ascii	"long long unsigned int\000"
 1394      206C6F6E 
 1394      6720756E 
 1394      7369676E 
 1394      65642069 
 1395              	.LASF112:
 1396 052a 76616C75 		.ascii	"value\000"
 1396      6500
 1397              	.LASF76:
 1398 0530 4359424C 		.ascii	"CYBLE_ERROR_OOB_NOT_AVAILABLE\000"
 1398      455F4552 
ARM GAS  C:\Users\jdmoussa\AppData\Local\Temp\ccJ6k8Kz.s 			page 32


 1398      524F525F 
 1398      4F4F425F 
 1398      4E4F545F 
 1399              	.LASF38:
 1400 054e 4359424C 		.ascii	"CYBLE_EVT_GATT_DISCONNECT_IND\000"
 1400      455F4556 
 1400      545F4741 
 1400      54545F44 
 1400      4953434F 
 1401              	.LASF125:
 1402 056c 53746172 		.ascii	"StartAdvertisement\000"
 1402      74416476 
 1402      65727469 
 1402      73656D65 
 1402      6E7400
 1403              	.LASF85:
 1404 057f 4359424C 		.ascii	"CYBLE_ERROR_L2CAP_PSM_ALREADY_REGISTERED\000"
 1404      455F4552 
 1404      524F525F 
 1404      4C324341 
 1404      505F5053 
 1405              	.LASF5:
 1406 05a8 6C6F6E67 		.ascii	"long unsigned int\000"
 1406      20756E73 
 1406      69676E65 
 1406      6420696E 
 1406      7400
 1407              	.LASF48:
 1408 05ba 4359424C 		.ascii	"CYBLE_EVT_GATTS_WRITE_REQ\000"
 1408      455F4556 
 1408      545F4741 
 1408      5454535F 
 1408      57524954 
 1409              	.LASF40:
 1410 05d4 4359424C 		.ascii	"CYBLE_EVT_GATTC_XCHNG_MTU_RSP\000"
 1410      455F4556 
 1410      545F4741 
 1410      5454435F 
 1410      5843484E 
 1411              	.LASF57:
 1412 05f2 4359424C 		.ascii	"CYBLE_EVT_GATTS_DATA_SIGNED_CMD_REQ\000"
 1412      455F4556 
 1412      545F4741 
 1412      5454535F 
 1412      44415441 
 1413              	.LASF88:
 1414 0616 4359424C 		.ascii	"CYBLE_ERROR_L2CAP_CHANNEL_NOT_FOUND\000"
 1414      455F4552 
 1414      524F525F 
 1414      4C324341 
 1414      505F4348 
 1415              	.LASF127:
 1416 063a 6576656E 		.ascii	"event\000"
 1416      7400
 1417              	.LASF98:
 1418 0640 4359424C 		.ascii	"CYBLE_ERROR_NTF_DISABLED\000"
 1418      455F4552 
ARM GAS  C:\Users\jdmoussa\AppData\Local\Temp\ccJ6k8Kz.s 			page 33


 1418      524F525F 
 1418      4E54465F 
 1418      44495341 
 1419              	.LASF17:
 1420 0659 4359424C 		.ascii	"CYBLE_EVT_HOST_INVALID\000"
 1420      455F4556 
 1420      545F484F 
 1420      53545F49 
 1420      4E56414C 
 1421              	.LASF43:
 1422 0670 4359424C 		.ascii	"CYBLE_EVT_GATTC_FIND_INFO_RSP\000"
 1422      455F4556 
 1422      545F4741 
 1422      5454435F 
 1422      46494E44 
 1423              	.LASF103:
 1424 068e 62644164 		.ascii	"bdAddr\000"
 1424      647200
 1425              	.LASF25:
 1426 0695 4359424C 		.ascii	"CYBLE_EVT_GAP_PASSKEY_ENTRY_REQUEST\000"
 1426      455F4556 
 1426      545F4741 
 1426      505F5041 
 1426      53534B45 
 1427              	.LASF30:
 1428 06b9 4359424C 		.ascii	"CYBLE_EVT_GAP_DEVICE_CONNECTED\000"
 1428      455F4556 
 1428      545F4741 
 1428      505F4445 
 1428      56494345 
 1429              	.LASF129:
 1430 06d8 6379426C 		.ascii	"cyBle_state\000"
 1430      655F7374 
 1430      61746500 
 1431              	.LASF26:
 1432 06e4 4359424C 		.ascii	"CYBLE_EVT_GAP_PASSKEY_DISPLAY_REQUEST\000"
 1432      455F4556 
 1432      545F4741 
 1432      505F5041 
 1432      53534B45 
 1433              	.LASF37:
 1434 070a 4359424C 		.ascii	"CYBLE_EVT_GATT_CONNECT_IND\000"
 1434      455F4556 
 1434      545F4741 
 1434      54545F43 
 1434      4F4E4E45 
 1435              	.LASF108:
 1436 0725 61747449 		.ascii	"attId\000"
 1436      6400
 1437              	.LASF60:
 1438 072b 4359424C 		.ascii	"CYBLE_EVT_L2CAP_COMMAND_REJ\000"
 1438      455F4556 
 1438      545F4C32 
 1438      4341505F 
 1438      434F4D4D 
 1439              	.LASF15:
 1440 0747 72656733 		.ascii	"reg32\000"
ARM GAS  C:\Users\jdmoussa\AppData\Local\Temp\ccJ6k8Kz.s 			page 34


 1440      3200
 1441              	.LASF23:
 1442 074d 4359424C 		.ascii	"CYBLE_EVT_GAPC_SCAN_PROGRESS_RESULT\000"
 1442      455F4556 
 1442      545F4741 
 1442      50435F53 
 1442      43414E5F 
 1443              	.LASF116:
 1444 0771 68616E64 		.ascii	"handleValPair\000"
 1444      6C655661 
 1444      6C506169 
 1444      7200
 1445              	.LASF97:
 1446 077f 4359424C 		.ascii	"CYBLE_DESCR_DISC_DONE\000"
 1446      455F4445 
 1446      5343525F 
 1446      44495343 
 1446      5F444F4E 
 1447              	.LASF94:
 1448 0795 4359424C 		.ascii	"CYBLE_ERROR_MAX\000"
 1448      455F4552 
 1448      524F525F 
 1448      4D415800 
 1449              	.LASF61:
 1450 07a5 4359424C 		.ascii	"CYBLE_EVT_L2CAP_CBFC_CONN_IND\000"
 1450      455F4556 
 1450      545F4C32 
 1450      4341505F 
 1450      43424643 
 1451              	.LASF42:
 1452 07c3 4359424C 		.ascii	"CYBLE_EVT_GATTC_READ_BY_TYPE_RSP\000"
 1452      455F4556 
 1452      545F4741 
 1452      5454435F 
 1452      52454144 
 1453              	.LASF16:
 1454 07e4 73697A65 		.ascii	"sizetype\000"
 1454      74797065 
 1454      00
 1455              	.LASF117:
 1456 07ed 4359424C 		.ascii	"CYBLE_GATTS_WRITE_REQ_PARAM_T\000"
 1456      455F4741 
 1456      5454535F 
 1456      57524954 
 1456      455F5245 
 1457              	.LASF119:
 1458 080b 4359424C 		.ascii	"CYBLE_STATE_INITIALIZING\000"
 1458      455F5354 
 1458      4154455F 
 1458      494E4954 
 1458      49414C49 
 1459              	.LASF28:
 1460 0824 4359424C 		.ascii	"CYBLE_EVT_GAP_AUTH_FAILED\000"
 1460      455F4556 
 1460      545F4741 
 1460      505F4155 
 1460      54485F46 
ARM GAS  C:\Users\jdmoussa\AppData\Local\Temp\ccJ6k8Kz.s 			page 35


 1461              	.LASF49:
 1462 083e 4359424C 		.ascii	"CYBLE_EVT_GATTC_WRITE_RSP\000"
 1462      455F4556 
 1462      545F4741 
 1462      5454435F 
 1462      57524954 
 1463              	.LASF27:
 1464 0858 4359424C 		.ascii	"CYBLE_EVT_GAP_AUTH_COMPLETE\000"
 1464      455F4556 
 1464      545F4741 
 1464      505F4155 
 1464      54485F43 
 1465              	.LASF130:
 1466 0874 61706952 		.ascii	"apiResult\000"
 1466      6573756C 
 1466      7400
 1467              	.LASF102:
 1468 087e 4359424C 		.ascii	"CYBLE_API_RESULT_T\000"
 1468      455F4150 
 1468      495F5245 
 1468      53554C54 
 1468      5F5400
 1469              	.LASF54:
 1470 0891 4359424C 		.ascii	"CYBLE_EVT_GATTC_HANDLE_VALUE_NTF\000"
 1470      455F4556 
 1470      545F4741 
 1470      5454435F 
 1470      48414E44 
 1471              	.LASF99:
 1472 08b2 4359424C 		.ascii	"CYBLE_ERROR_IND_DISABLED\000"
 1472      455F4552 
 1472      524F525F 
 1472      494E445F 
 1472      44495341 
 1473              	.LASF114:
 1474 08cb 4359424C 		.ascii	"CYBLE_GATT_HANDLE_VALUE_PAIR_T\000"
 1474      455F4741 
 1474      54545F48 
 1474      414E444C 
 1474      455F5641 
 1475              	.LASF62:
 1476 08ea 4359424C 		.ascii	"CYBLE_EVT_L2CAP_CBFC_CONN_CNF\000"
 1476      455F4556 
 1476      545F4C32 
 1476      4341505F 
 1476      43424643 
 1477              	.LASF41:
 1478 0908 4359424C 		.ascii	"CYBLE_EVT_GATTC_READ_BY_GROUP_TYPE_RSP\000"
 1478      455F4556 
 1478      545F4741 
 1478      5454435F 
 1478      52454144 
 1479              	.LASF12:
 1480 092f 666C6F61 		.ascii	"float\000"
 1480      7400
 1481              	.LASF131:
 1482 0935 474E5520 		.ascii	"GNU C 4.8.4 20140526 (release) [ARM/embedded-4_8-br"
ARM GAS  C:\Users\jdmoussa\AppData\Local\Temp\ccJ6k8Kz.s 			page 36


 1482      4320342E 
 1482      382E3420 
 1482      32303134 
 1482      30353236 
 1483 0968 616E6368 		.ascii	"anch revision 211358] -mcpu=cortex-m0 -mthumb -g -O"
 1483      20726576 
 1483      6973696F 
 1483      6E203231 
 1483      31333538 
 1484 099b 30202D66 		.ascii	"0 -ffunction-sections\000"
 1484      66756E63 
 1484      74696F6E 
 1484      2D736563 
 1484      74696F6E 
 1485              	.LASF81:
 1486 09b1 4359424C 		.ascii	"CYBLE_ERROR_TX_POWER_READ\000"
 1486      455F4552 
 1486      524F525F 
 1486      54585F50 
 1486      4F574552 
 1487              	.LASF100:
 1488 09cb 4359424C 		.ascii	"CYBLE_ERROR_CHAR_IS_NOT_DISCOVERED\000"
 1488      455F4552 
 1488      524F525F 
 1488      43484152 
 1488      5F49535F 
 1489              	.LASF1:
 1490 09ee 756E7369 		.ascii	"unsigned char\000"
 1490      676E6564 
 1490      20636861 
 1490      7200
 1491              	.LASF10:
 1492 09fc 75696E74 		.ascii	"uint16\000"
 1492      313600
 1493              	.LASF2:
 1494 0a03 73686F72 		.ascii	"short int\000"
 1494      7420696E 
 1494      7400
 1495              	.LASF55:
 1496 0a0d 4359424C 		.ascii	"CYBLE_EVT_GATTC_HANDLE_VALUE_IND\000"
 1496      455F4556 
 1496      545F4741 
 1496      5454435F 
 1496      48414E44 
 1497              	.LASF77:
 1498 0a2e 4359424C 		.ascii	"CYBLE_ERROR_NO_CONNECTION\000"
 1498      455F4552 
 1498      524F525F 
 1498      4E4F5F43 
 1498      4F4E4E45 
 1499              	.LASF51:
 1500 0a48 4359424C 		.ascii	"CYBLE_EVT_GATTS_PREP_WRITE_REQ\000"
 1500      455F4556 
 1500      545F4741 
 1500      5454535F 
 1500      50524550 
 1501              	.LASF56:
ARM GAS  C:\Users\jdmoussa\AppData\Local\Temp\ccJ6k8Kz.s 			page 37


 1502 0a67 4359424C 		.ascii	"CYBLE_EVT_GATTS_HANDLE_VALUE_CNF\000"
 1502      455F4556 
 1502      545F4741 
 1502      5454535F 
 1502      48414E44 
 1503              	.LASF79:
 1504 0a88 4359424C 		.ascii	"CYBLE_ERROR_REPEATED_ATTEMPTS\000"
 1504      455F4552 
 1504      524F525F 
 1504      52455045 
 1504      41544544 
 1505              	.LASF14:
 1506 0aa6 63686172 		.ascii	"char\000"
 1506      00
 1507              	.LASF82:
 1508 0aab 4359424C 		.ascii	"CYBLE_ERROR_BT_ON_NOT_COMPLETED\000"
 1508      455F4552 
 1508      524F525F 
 1508      42545F4F 
 1508      4E5F4E4F 
 1509              	.LASF31:
 1510 0acb 4359424C 		.ascii	"CYBLE_EVT_GAP_DEVICE_DISCONNECTED\000"
 1510      455F4556 
 1510      545F4741 
 1510      505F4445 
 1510      56494345 
 1511              	.LASF8:
 1512 0aed 756E7369 		.ascii	"unsigned int\000"
 1512      676E6564 
 1512      20696E74 
 1512      00
 1513              	.LASF67:
 1514 0afa 4359424C 		.ascii	"CYBLE_EVT_L2CAP_CBFC_TX_CREDIT_IND\000"
 1514      455F4556 
 1514      545F4C32 
 1514      4341505F 
 1514      43424643 
 1515              	.LASF92:
 1516 0b1d 4359424C 		.ascii	"CYBLE_ERROR_FLASH_WRITE_NOT_PERMITED\000"
 1516      455F4552 
 1516      524F525F 
 1516      464C4153 
 1516      485F5752 
 1517              	.LASF87:
 1518 0b42 4359424C 		.ascii	"CYBLE_ERROR_L2CAP_CONNECTION_ENTITY_NOT_FOUND\000"
 1518      455F4552 
 1518      524F525F 
 1518      4C324341 
 1518      505F434F 
 1519              	.LASF20:
 1520 0b70 4359424C 		.ascii	"CYBLE_EVT_HARDWARE_ERROR\000"
 1520      455F4556 
 1520      545F4841 
 1520      52445741 
 1520      52455F45 
 1521              	.LASF3:
 1522 0b89 73686F72 		.ascii	"short unsigned int\000"
ARM GAS  C:\Users\jdmoussa\AppData\Local\Temp\ccJ6k8Kz.s 			page 38


 1522      7420756E 
 1522      7369676E 
 1522      65642069 
 1522      6E7400
 1523              	.LASF73:
 1524 0b9c 4359424C 		.ascii	"CYBLE_ERROR_INVALID_OPERATION\000"
 1524      455F4552 
 1524      524F525F 
 1524      494E5641 
 1524      4C49445F 
 1525              	.LASF39:
 1526 0bba 4359424C 		.ascii	"CYBLE_EVT_GATTS_XCNHG_MTU_REQ\000"
 1526      455F4556 
 1526      545F4741 
 1526      5454535F 
 1526      58434E48 
 1527              	.LASF128:
 1528 0bd8 6576656E 		.ascii	"eventParam\000"
 1528      74506172 
 1528      616D00
 1529              	.LASF75:
 1530 0be3 4359424C 		.ascii	"CYBLE_ERROR_INSUFFICIENT_RESOURCES\000"
 1530      455F4552 
 1530      524F525F 
 1530      494E5355 
 1530      46464943 
 1531              	.LASF132:
 1532 0c06 2E5C7365 		.ascii	".\\server.c\000"
 1532      72766572 
 1532      2E6300
 1533              	.LASF123:
 1534 0c11 4359424C 		.ascii	"CYBLE_STATE_T\000"
 1534      455F5354 
 1534      4154455F 
 1534      5400
 1535              	.LASF46:
 1536 0c1f 4359424C 		.ascii	"CYBLE_EVT_GATTC_READ_BLOB_RSP\000"
 1536      455F4556 
 1536      545F4741 
 1536      5454435F 
 1536      52454144 
 1537              	.LASF93:
 1538 0c3d 4359424C 		.ascii	"CYBLE_ERROR_MIC_AUTH_FAILED\000"
 1538      455F4552 
 1538      524F525F 
 1538      4D49435F 
 1538      41555448 
 1539              	.LASF86:
 1540 0c59 4359424C 		.ascii	"CYBLE_ERROR_L2CAP_PSM_NOT_REGISTERED\000"
 1540      455F4552 
 1540      524F525F 
 1540      4C324341 
 1540      505F5053 
 1541              	.LASF120:
 1542 0c7e 4359424C 		.ascii	"CYBLE_STATE_CONNECTED\000"
 1542      455F5354 
 1542      4154455F 
ARM GAS  C:\Users\jdmoussa\AppData\Local\Temp\ccJ6k8Kz.s 			page 39


 1542      434F4E4E 
 1542      45435445 
 1543              	.LASF44:
 1544 0c94 4359424C 		.ascii	"CYBLE_EVT_GATTC_FIND_BY_TYPE_VALUE_RSP\000"
 1544      455F4556 
 1544      545F4741 
 1544      5454435F 
 1544      46494E44 
 1545              	.LASF80:
 1546 0cbb 4359424C 		.ascii	"CYBLE_ERROR_GAP_ROLE\000"
 1546      455F4552 
 1546      524F525F 
 1546      4741505F 
 1546      524F4C45 
 1547              	.LASF35:
 1548 0cd0 4359424C 		.ascii	"CYBLE_EVT_GAP_KEYINFO_EXCHNGE_CMPLT\000"
 1548      455F4556 
 1548      545F4741 
 1548      505F4B45 
 1548      59494E46 
 1549              	.LASF107:
 1550 0cf4 62644861 		.ascii	"bdHandle\000"
 1550      6E646C65 
 1550      00
 1551              	.LASF96:
 1552 0cfd 4359424C 		.ascii	"CYBLE_CHAR_DISC_DONE\000"
 1552      455F4348 
 1552      41525F44 
 1552      4953435F 
 1552      444F4E45 
 1553              	.LASF59:
 1554 0d12 4359424C 		.ascii	"CYBLE_EVT_L2CAP_CONN_PARAM_UPDATE_RSP\000"
 1554      455F4556 
 1554      545F4C32 
 1554      4341505F 
 1554      434F4E4E 
 1555              	.LASF106:
 1556 0d38 4359424C 		.ascii	"CYBLE_GATT_DB_ATTR_HANDLE_T\000"
 1556      455F4741 
 1556      54545F44 
 1556      425F4154 
 1556      54525F48 
 1557              	.LASF124:
 1558 0d54 6C6F6361 		.ascii	"localAddr\000"
 1558      6C416464 
 1558      7200
 1559              	.LASF90:
 1560 0d5e 4359424C 		.ascii	"CYBLE_ERROR_GATT_DB_INVALID_ATTR_HANDLE\000"
 1560      455F4552 
 1560      524F525F 
 1560      47415454 
 1560      5F44425F 
 1561              		.ident	"GCC: (GNU Tools for ARM Embedded Processors) 4.8.4 20140526 (release) [ARM/embedded-4_8-br
